#
# A fatal error has been detected by the Java Runtime Environment:
#
#  EXCEPTION_ACCESS_VIOLATION (0xc0000005) at pc=0x00007ff89a792d15, pid=6596, tid=0x0000000000002fe0
#
# JRE version: Java(TM) SE Runtime Environment (8.0_144-b01) (build 1.8.0_144-b01)
# Java VM: Java HotSpot(TM) 64-Bit Server VM (25.144-b01 mixed mode windows-amd64 compressed oops)
# Problematic frame:
# C  [ig9icd64.dll+0x4b2d15]
#
# Failed to write core dump. Minidumps are not enabled by default on client versions of Windows
#
# If you would like to submit a bug report, please visit:
#   http://bugreport.java.com/bugreport/crash.jsp
# The crash happened outside the Java Virtual Machine in native code.
# See problematic frame for where to report the bug.
#

---------------  T H R E A D  ---------------

Current thread (0x0000000002c60800):  JavaThread "main" [_thread_in_native, id=12256, stack(0x0000000002b60000,0x0000000002c60000)]

siginfo: ExceptionCode=0xc0000005, writing address 0x000000002cd91000

Registers:
RAX=0xfffffffffffff680, RBX=0x000000000000000a, RCX=0x000000000000001a, RDX=0x00000000278c3be0
RSP=0x0000000002c5e740, RBP=0x0000000000000000, RSI=0x000000002cd91668, RDI=0x00000000278c4200
R8 =0x000000002cd91048, R9 =0x0000000000000006, R10=0x0000000000000fc0, R11=0x0000000002c5ea10
R12=0x00000000000009c0, R13=0x0000000002c5e9d0, R14=0x000000000000098a, R15=0x00007ff89ace8e98
RIP=0x00007ff89a792d15, EFLAGS=0x0000000000010202

Top of Stack: (sp=0x0000000002c5e740)
0x0000000002c5e740:   040000002301f000 00007ff89a315442
0x0000000002c5e750:   0000000000000000 0977000000000000
0x0000000002c5e760:   00000000278c3880 00007ff89a7547e8
0x0000000002c5e770:   000000000000098a 0000000002c5ea10
0x0000000002c5e780:   000000002cd90ce8 000009bf034e0989
0x0000000002c5e790:   00007ff89ace8e98 00000000000009c0
0x0000000002c5e7a0:   00000000276c0000 00007ff89a756288
0x0000000002c5e7b0:   0000000002c5e8b0 0000000002c5ea10
0x0000000002c5e7c0:   0000000000000000 00007ff89a7545b0
0x0000000002c5e7d0:   00007ff89a3154c0 00007ff89a3045b2
0x0000000002c5e7e0:   0000000000000001 0000000000000000
0x0000000002c5e7f0:   40002500400001c0 0000000000000000
0x0000000002c5e800:   00000000276c0000 0000001800000000
0x0000000002c5e810:   0000000000000000 00007ff89a305518
0x0000000002c5e820:   000000002a669c40 0000000000000000
0x0000000002c5e830:   0000000000cf9200 0000000000000000 

Instructions: (pc=0x00007ff89a792d15)
0x00007ff89a792cf5:   0f 38 2a 5a e0 66 0f 38 2a 52 f0 66 0f 38 2a 0a
0x00007ff89a792d05:   66 0f 38 2a 42 10 48 8d 52 40 f3 41 0f 7f 58 a0
0x00007ff89a792d15:   f3 41 0f 7f 50 b0 f3 41 0f 7f 48 c0 f3 41 0f 7f
0x00007ff89a792d25:   40 d0 48 83 e9 01 75 c3 48 85 db 74 0e 4c 8b c3 


Register to memory mapping:

RAX=0xfffffffffffff680 is an unknown value
RBX=0x000000000000000a is an unknown value
RCX=0x000000000000001a is an unknown value
RDX=0x00000000278c3be0 is an unknown value
RSP=0x0000000002c5e740 is pointing into the stack for thread: 0x0000000002c60800
RBP=0x0000000000000000 is an unknown value
RSI=0x000000002cd91668 is an unknown value
RDI=0x00000000278c4200 is an unknown value
R8 =0x000000002cd91048 is an unknown value
R9 =0x0000000000000006 is an unknown value
R10=0x0000000000000fc0 is an unknown value
R11=0x0000000002c5ea10 is pointing into the stack for thread: 0x0000000002c60800
R12=0x00000000000009c0 is an unknown value
R13=0x0000000002c5e9d0 is pointing into the stack for thread: 0x0000000002c60800
R14=0x000000000000098a is an unknown value
R15=0x00007ff89ace8e98 is an unknown value


Stack: [0x0000000002b60000,0x0000000002c60000],  sp=0x0000000002c5e740,  free space=1017k
Native frames: (J=compiled Java code, j=interpreted, Vv=VM code, C=native code)

Java frames: (J=compiled Java code, j=interpreted, Vv=VM code)
j  org.lwjgl.opengl.GL11.nglReadPixels(IIIIIIJJ)V+0
j  org.lwjgl.opengl.GL11.glReadPixels(IIIIIILjava/nio/ByteBuffer;)V+54
j  opengl.GLWindow.grabScreen()V+53
j  opengl.GLWindow.step()V+0
j  opengl.GLControl.step()V+4
j  application.Application.loop()V+30
j  application.Application.main([Ljava/lang/String;)V+29
v  ~StubRoutines::call_stub

---------------  P R O C E S S  ---------------

Java Threads: ( => current thread )
  0x000000001e814000 JavaThread "LWJGL Timer" daemon [_thread_blocked, id=3740, stack(0x000000002a750000,0x000000002a850000)]
  0x000000001e461000 JavaThread "Image Fetcher 0" daemon [_thread_blocked, id=12428, stack(0x0000000020620000,0x0000000020720000)]
  0x000000001e3f8000 JavaThread "AWT-EventQueue-0" [_thread_blocked, id=6816, stack(0x000000001f7e0000,0x000000001f8e0000)]
  0x000000001e05e000 JavaThread "AWT-Windows" daemon [_thread_in_native, id=7556, stack(0x000000001ee20000,0x000000001ef20000)]
  0x000000001e05b800 JavaThread "AWT-Shutdown" [_thread_blocked, id=10436, stack(0x000000001ed20000,0x000000001ee20000)]
  0x000000001e05a800 JavaThread "Java2D Disposer" daemon [_thread_blocked, id=1188, stack(0x000000001ebb0000,0x000000001ecb0000)]
  0x000000001c37d000 JavaThread "Service Thread" daemon [_thread_blocked, id=3428, stack(0x000000001e070000,0x000000001e170000)]
  0x000000001c330800 JavaThread "C1 CompilerThread2" daemon [_thread_blocked, id=9764, stack(0x000000001db70000,0x000000001dc70000)]
  0x000000001c326000 JavaThread "C2 CompilerThread1" daemon [_thread_blocked, id=5700, stack(0x000000001da70000,0x000000001db70000)]
  0x000000001c31c800 JavaThread "C2 CompilerThread0" daemon [_thread_blocked, id=9164, stack(0x000000001d970000,0x000000001da70000)]
  0x000000001c31a800 JavaThread "Attach Listener" daemon [_thread_blocked, id=11420, stack(0x000000001d870000,0x000000001d970000)]
  0x000000001c319800 JavaThread "Signal Dispatcher" daemon [_thread_blocked, id=10368, stack(0x000000001d770000,0x000000001d870000)]
  0x000000001c30a800 JavaThread "Finalizer" daemon [_thread_blocked, id=11596, stack(0x000000001d580000,0x000000001d680000)]
  0x0000000002d4f000 JavaThread "Reference Handler" daemon [_thread_blocked, id=14156, stack(0x000000001d480000,0x000000001d580000)]
=>0x0000000002c60800 JavaThread "main" [_thread_in_native, id=12256, stack(0x0000000002b60000,0x0000000002c60000)]

Other Threads:
  0x000000001c2e7800 VMThread [stack: 0x000000001d380000,0x000000001d480000] [id=10484]
  0x000000001dcae000 WatcherThread [stack: 0x000000001e170000,0x000000001e270000] [id=11656]

VM state:not at safepoint (normal execution)

VM Mutex/Monitor currently owned by a thread: None

Heap:
 PSYoungGen      total 76288K, used 40179K [0x000000076b500000, 0x0000000770a00000, 0x00000007c0000000)
  eden space 65536K, 61% used [0x000000076b500000,0x000000076dc3cdb8,0x000000076f500000)
  from space 10752K, 0% used [0x000000076ff80000,0x000000076ff80000,0x0000000770a00000)
  to   space 10752K, 0% used [0x000000076f500000,0x000000076f500000,0x000000076ff80000)
 ParOldGen       total 175104K, used 0K [0x00000006c1e00000, 0x00000006cc900000, 0x000000076b500000)
  object space 175104K, 0% used [0x00000006c1e00000,0x00000006c1e00000,0x00000006cc900000)
 Metaspace       used 14500K, capacity 14741K, committed 14976K, reserved 1062912K
  class space    used 1828K, capacity 1905K, committed 1920K, reserved 1048576K

Card table byte_map: [0x0000000012120000,0x0000000012920000] byte_map_base: 0x000000000eb11000

Marking Bits: (ParMarkBitMap*) 0x00000000521bd850
 Begin Bits: [0x0000000013270000, 0x00000000171f8000)
 End Bits:   [0x00000000171f8000, 0x000000001b180000)

Polling page: 0x00000000012d0000

CodeCache: size=245760Kb used=3283Kb max_used=3283Kb free=242476Kb
 bounds [0x0000000002d60000, 0x00000000030a0000, 0x0000000011d60000]
 total_blobs=1600 nmethods=998 adapters=514
 compilation: enabled

Compilation events (10 events):
Event: 2.642 Thread 0x000000001c330800  989       3       java.util.LinkedList$ListItr::<init> (47 bytes)
Event: 2.642 Thread 0x000000001c330800 nmethod 989 0x000000000308e610 code [0x000000000308e780, 0x000000000308ea48]
Event: 2.642 Thread 0x000000001c330800  990       3       java.util.LinkedList::<init> (10 bytes)
Event: 2.643 Thread 0x000000001c330800 nmethod 990 0x0000000003091f10 code [0x0000000003092080, 0x0000000003092350]
Event: 2.643 Thread 0x000000001c330800  991       3       java.util.AbstractSequentialList::<init> (5 bytes)
Event: 2.643 Thread 0x000000001c330800 nmethod 991 0x0000000003091a10 code [0x0000000003091b80, 0x0000000003091df0]
Event: 2.643 Thread 0x000000001c330800  997       1       sun.awt.image.VolatileSurfaceManager::getPrimarySurfaceData (5 bytes)
Event: 2.643 Thread 0x000000001c330800 nmethod 997 0x0000000003091750 code [0x00000000030918a0, 0x00000000030919b0]
Event: 2.647 Thread 0x000000001c330800  998       3       sun.java2d.SunGraphics2D::setFont (105 bytes)
Event: 2.648 Thread 0x000000001c330800 nmethod 998 0x0000000003090a50 code [0x0000000003090c00, 0x00000000030914f8]

GC Heap History (0 events):
No events

Deoptimization events (6 events):
Event: 1.032 Thread 0x0000000002c60800 Uncommon trap: reason=class_check action=maybe_recompile pc=0x0000000002ecdb58 method=java.lang.String.equals(Ljava/lang/Object;)Z @ 8
Event: 1.033 Thread 0x0000000002c60800 Uncommon trap: reason=class_check action=maybe_recompile pc=0x0000000002ecdb58 method=java.lang.String.equals(Ljava/lang/Object;)Z @ 8
Event: 1.033 Thread 0x0000000002c60800 Uncommon trap: reason=class_check action=maybe_recompile pc=0x0000000002ecdb58 method=java.lang.String.equals(Ljava/lang/Object;)Z @ 8
Event: 1.033 Thread 0x0000000002c60800 Uncommon trap: reason=class_check action=maybe_recompile pc=0x0000000002ecdb58 method=java.lang.String.equals(Ljava/lang/Object;)Z @ 8
Event: 1.609 Thread 0x0000000002c60800 Uncommon trap: reason=bimorphic action=maybe_recompile pc=0x0000000002f7b4b4 method=java.util.HashMap.getNode(ILjava/lang/Object;)Ljava/util/HashMap$Node; @ 126
Event: 1.611 Thread 0x0000000002c60800 Uncommon trap: reason=bimorphic action=maybe_recompile pc=0x0000000002f7b4b4 method=java.util.HashMap.getNode(ILjava/lang/Object;)Ljava/util/HashMap$Node; @ 126

Internal exceptions (10 events):
Event: 0.069 Thread 0x0000000002c60800 Exception <a 'java/lang/NoSuchMethodError': Method sun.misc.Unsafe.defineClass(Ljava/lang/String;[BII)Ljava/lang/Class; name or signature does not match> (0x000000076b507ca8) thrown at [C:\re\workspace\8-2-build-windows-amd64-cygwin\jdk8u144\9417\hotspot\
Event: 0.069 Thread 0x0000000002c60800 Exception <a 'java/lang/NoSuchMethodError': Method sun.misc.Unsafe.prefetchRead(Ljava/lang/Object;J)V name or signature does not match> (0x000000076b507f90) thrown at [C:\re\workspace\8-2-build-windows-amd64-cygwin\jdk8u144\9417\hotspot\src\share\vm\prims
Event: 0.259 Thread 0x0000000002c60800 Exception <a 'java/security/PrivilegedActionException'> (0x000000076b5b7ea0) thrown at [C:\re\workspace\8-2-build-windows-amd64-cygwin\jdk8u144\9417\hotspot\src\share\vm\prims\jvm.cpp, line 1390]
Event: 0.259 Thread 0x0000000002c60800 Exception <a 'java/security/PrivilegedActionException'> (0x000000076b5b80b0) thrown at [C:\re\workspace\8-2-build-windows-amd64-cygwin\jdk8u144\9417\hotspot\src\share\vm\prims\jvm.cpp, line 1390]
Event: 0.261 Thread 0x0000000002c60800 Exception <a 'java/security/PrivilegedActionException'> (0x000000076b5bbd20) thrown at [C:\re\workspace\8-2-build-windows-amd64-cygwin\jdk8u144\9417\hotspot\src\share\vm\prims\jvm.cpp, line 1390]
Event: 0.261 Thread 0x0000000002c60800 Exception <a 'java/security/PrivilegedActionException'> (0x000000076b5bbf30) thrown at [C:\re\workspace\8-2-build-windows-amd64-cygwin\jdk8u144\9417\hotspot\src\share\vm\prims\jvm.cpp, line 1390]
Event: 0.268 Thread 0x0000000002c60800 Exception <a 'java/io/FileNotFoundException'> (0x000000076b5be2e8) thrown at [C:\re\workspace\8-2-build-windows-amd64-cygwin\jdk8u144\9417\hotspot\src\share\vm\prims\jni.cpp, line 709]
Event: 0.339 Thread 0x0000000002c60800 Exception <a 'java/lang/NoSuchFieldError': method resolution failed> (0x000000076b7d3410) thrown at [C:\re\workspace\8-2-build-windows-amd64-cygwin\jdk8u144\9417\hotspot\src\share\vm\prims\methodHandles.cpp, line 1146]
Event: 0.342 Thread 0x0000000002c60800 Exception <a 'java/lang/NoSuchFieldError': method resolution failed> (0x000000076b7e07e0) thrown at [C:\re\workspace\8-2-build-windows-amd64-cygwin\jdk8u144\9417\hotspot\src\share\vm\prims\methodHandles.cpp, line 1146]
Event: 0.416 Thread 0x0000000002c60800 Exception <a 'java/io/FileNotFoundException'> (0x000000076b874380) thrown at [C:\re\workspace\8-2-build-windows-amd64-cygwin\jdk8u144\9417\hotspot\src\share\vm\prims\jni.cpp, line 709]

Events (10 events):
Event: 1.684 loading class org/lwjgl/opengl/Sync done
Event: 1.685 loading class org/lwjgl/opengl/Sync$RunningAvg
Event: 1.685 loading class org/lwjgl/opengl/Sync$RunningAvg done
Event: 1.687 loading class org/lwjgl/opengl/Sync$1
Event: 1.687 loading class org/lwjgl/opengl/Sync$1 done
Event: 1.688 Thread 0x000000001e814000 Thread added: 0x000000001e814000
Event: 1.688 loading class java/lang/StrictMath
Event: 1.688 loading class java/lang/StrictMath done
Event: 2.599 loading class org/lwjgl/opengl/WindowsKeycodes
Event: 2.599 loading class org/lwjgl/opengl/WindowsKeycodes done


Dynamic libraries:
0x00007ff7c0f90000 - 0x00007ff7c0fc7000 	C:\Program Files\Java\jre1.8.0_144\bin\javaw.exe
0x00007ff8d9140000 - 0x00007ff8d9321000 	C:\WINDOWS\SYSTEM32\ntdll.dll
0x00007ff8d73a0000 - 0x00007ff8d7452000 	C:\WINDOWS\System32\KERNEL32.DLL
0x00007ff8d5e70000 - 0x00007ff8d60e3000 	C:\WINDOWS\System32\KERNELBASE.dll
0x00007ff8d6ad0000 - 0x00007ff8d6b71000 	C:\WINDOWS\System32\ADVAPI32.dll
0x00007ff8d6fd0000 - 0x00007ff8d706e000 	C:\WINDOWS\System32\msvcrt.dll
0x00007ff8d6d30000 - 0x00007ff8d6d8b000 	C:\WINDOWS\System32\sechost.dll
0x00007ff8d7270000 - 0x00007ff8d7394000 	C:\WINDOWS\System32\RPCRT4.dll
0x00007ff8d7b40000 - 0x00007ff8d7cd0000 	C:\WINDOWS\System32\USER32.dll
0x00007ff8d63c0000 - 0x00007ff8d63e0000 	C:\WINDOWS\System32\win32u.dll
0x00007ff8d69b0000 - 0x00007ff8d69d8000 	C:\WINDOWS\System32\GDI32.dll
0x00007ff8d5cd0000 - 0x00007ff8d5e62000 	C:\WINDOWS\System32\gdi32full.dll
0x00007ff8d6150000 - 0x00007ff8d61ef000 	C:\WINDOWS\System32\msvcp_win.dll
0x00007ff8d62c0000 - 0x00007ff8d63ba000 	C:\WINDOWS\System32\ucrtbase.dll
0x00007ff8c02a0000 - 0x00007ff8c0509000 	C:\WINDOWS\WinSxS\amd64_microsoft.windows.common-controls_6595b64144ccf1df_6.0.17134.523_none_fb409dd930672a56\COMCTL32.dll
0x00007ff8d6680000 - 0x00007ff8d69a2000 	C:\WINDOWS\System32\combase.dll
0x00007ff8d6240000 - 0x00007ff8d62ba000 	C:\WINDOWS\System32\bcryptPrimitives.dll
0x00007ff8d65d0000 - 0x00007ff8d65fd000 	C:\WINDOWS\System32\IMM32.DLL
0x00000000518c0000 - 0x0000000051992000 	C:\Program Files\Java\jre1.8.0_144\bin\msvcr100.dll
0x00000000519a0000 - 0x000000005223d000 	C:\Program Files\Java\jre1.8.0_144\bin\server\jvm.dll
0x00007ff8d6fc0000 - 0x00007ff8d6fc8000 	C:\WINDOWS\System32\PSAPI.DLL
0x00007ff8d2b50000 - 0x00007ff8d2b73000 	C:\WINDOWS\SYSTEM32\WINMM.dll
0x00007ff8cbdc0000 - 0x00007ff8cbdc9000 	C:\WINDOWS\SYSTEM32\WSOCK32.dll
0x00007ff8c1580000 - 0x00007ff8c158a000 	C:\WINDOWS\SYSTEM32\VERSION.dll
0x00007ff8d6bf0000 - 0x00007ff8d6c5c000 	C:\WINDOWS\System32\WS2_32.dll
0x00007ff8d2b20000 - 0x00007ff8d2b4a000 	C:\WINDOWS\SYSTEM32\winmmbase.dll
0x00007ff8d61f0000 - 0x00007ff8d6239000 	C:\WINDOWS\System32\cfgmgr32.dll
0x00000000518b0000 - 0x00000000518bf000 	C:\Program Files\Java\jre1.8.0_144\bin\verify.dll
0x0000000051880000 - 0x00000000518a9000 	C:\Program Files\Java\jre1.8.0_144\bin\java.dll
0x0000000051860000 - 0x0000000051876000 	C:\Program Files\Java\jre1.8.0_144\bin\zip.dll
0x00007ff8d7cd0000 - 0x00007ff8d9110000 	C:\WINDOWS\System32\SHELL32.dll
0x00007ff8d6f10000 - 0x00007ff8d6fb9000 	C:\WINDOWS\System32\shcore.dll
0x00007ff8d5510000 - 0x00007ff8d5c1d000 	C:\WINDOWS\System32\windows.storage.dll
0x00007ff8d74d0000 - 0x00007ff8d7521000 	C:\WINDOWS\System32\shlwapi.dll
0x00007ff8d54d0000 - 0x00007ff8d54e1000 	C:\WINDOWS\System32\kernel.appcore.dll
0x00007ff8d54f0000 - 0x00007ff8d550f000 	C:\WINDOWS\System32\profapi.dll
0x00007ff8d5460000 - 0x00007ff8d54ac000 	C:\WINDOWS\System32\powrprof.dll
0x00007ff8d5450000 - 0x00007ff8d545a000 	C:\WINDOWS\System32\FLTLIB.DLL
0x0000000051630000 - 0x00000000517c8000 	C:\Program Files\Java\jre1.8.0_144\bin\awt.dll
0x00007ff8d6c60000 - 0x00007ff8d6d22000 	C:\WINDOWS\System32\OLEAUT32.dll
0x00007ff8d31f0000 - 0x00007ff8d327b000 	C:\WINDOWS\SYSTEM32\apphelp.dll
0x00007ff8d3600000 - 0x00007ff8d3629000 	C:\WINDOWS\system32\DWMAPI.DLL
0x00007ff8d3370000 - 0x00007ff8d3408000 	C:\WINDOWS\system32\uxtheme.dll
0x00007ff8a5b50000 - 0x00007ff8a5c70000 	C:\WINDOWS\system32\opengl32.dll
0x00007ff8b2b60000 - 0x00007ff8b2b8c000 	C:\WINDOWS\SYSTEM32\GLU32.dll
0x00007ff8d6d90000 - 0x00007ff8d6f03000 	C:\WINDOWS\System32\MSCTF.dll
0x00007ff8d7070000 - 0x00007ff8d71c1000 	C:\WINDOWS\System32\ole32.dll
0x00000000515e0000 - 0x0000000051627000 	C:\Program Files\Java\jre1.8.0_144\bin\fontmanager.dll
0x00007ff8c6f20000 - 0x00007ff8c6fb6000 	C:\WINDOWS\System32\TextInputFramework.dll
0x00007ff8d0a40000 - 0x00007ff8d0d5e000 	C:\WINDOWS\System32\CoreUIComponents.dll
0x00007ff8d2f30000 - 0x00007ff8d300a000 	C:\WINDOWS\System32\CoreMessaging.dll
0x00007ff8d4540000 - 0x00007ff8d4571000 	C:\WINDOWS\SYSTEM32\ntmarta.dll
0x00007ff8d08f0000 - 0x00007ff8d0a3d000 	C:\WINDOWS\SYSTEM32\wintypes.dll
0x00007ff8c3270000 - 0x00007ff8c32db000 	C:\WINDOWS\system32\Oleacc.dll
0x0000000051840000 - 0x000000005185a000 	C:\Program Files\Java\jre1.8.0_144\bin\net.dll
0x00007ff8d4cd0000 - 0x00007ff8d4d36000 	C:\WINDOWS\system32\mswsock.dll
0x0000000051820000 - 0x0000000051831000 	C:\Program Files\Java\jre1.8.0_144\bin\nio.dll
0x0000000051590000 - 0x00000000515d2000 	C:\Program Files\Java\jre1.8.0_144\bin\t2k.dll
0x00007ff8d71d0000 - 0x00007ff8d7270000 	C:\WINDOWS\System32\clbcatq.dll
0x00007ff8d1070000 - 0x00007ff8d121e000 	C:\WINDOWS\SYSTEM32\WindowsCodecs.dll
0x00007ff8cb8a0000 - 0x00007ff8cb8f8000 	C:\WINDOWS\system32\dataexchange.dll
0x00007ff8d1a50000 - 0x00007ff8d1d5b000 	C:\WINDOWS\system32\d3d11.dll
0x00007ff8d2950000 - 0x00007ff8d2aec000 	C:\WINDOWS\system32\dcomp.dll
0x00007ff8d4210000 - 0x00007ff8d42cb000 	C:\WINDOWS\system32\dxgi.dll
0x00007ff8d3790000 - 0x00007ff8d3948000 	C:\WINDOWS\system32\twinapi.appcore.dll
0x00007ff8d3710000 - 0x00007ff8d3731000 	C:\WINDOWS\system32\RMCLIENT.dll
0x0000000180000000 - 0x0000000180053000 	C:\Users\tjaso\eclipse-workspace\Map_Editor_VERSION2\lib\windows\lwjgl64.dll
0x00007ff89a2e0000 - 0x00007ff89b19f000 	C:\WINDOWS\System32\DriverStore\FileRepository\k127368.inf_amd64_a2c6cbb1c7497dcd\ig9icd64.dll
0x00007ff8d3bc0000 - 0x00007ff8d3bd3000 	C:\WINDOWS\SYSTEM32\WTSAPI32.dll
0x00007ff8bba20000 - 0x00007ff8bbac8000 	C:\WINDOWS\SYSTEM32\mscms.dll
0x00007ff8d5350000 - 0x00007ff8d5378000 	C:\WINDOWS\SYSTEM32\USERENV.dll
0x00007ff8cb760000 - 0x00007ff8cb770000 	C:\WINDOWS\SYSTEM32\ColorAdapterClient.dll
0x00007ff8cb020000 - 0x00007ff8cb063000 	C:\WINDOWS\SYSTEM32\icm32.dll
0x00007ff8ccf90000 - 0x00007ff8ced25000 	C:\WINDOWS\System32\DriverStore\FileRepository\k127368.inf_amd64_a2c6cbb1c7497dcd\igc64.dll
0x0000000051580000 - 0x0000000051587000 	C:\Program Files\Java\jre1.8.0_144\bin\jawt.dll
0x00007ff8d3db0000 - 0x00007ff8d3f79000 	C:\WINDOWS\SYSTEM32\dbghelp.dll

VM Arguments:
jvm_args: -Djava.library.path=C:\Users\tjaso\eclipse-workspace\Map_Editor_VERSION2\lib\windows -Dfile.encoding=Cp1252 
java_command: application.Application
java_class_path (initial): C:\Users\tjaso\eclipse-workspace\Map_Editor_VERSION2\bin;C:\Users\tjaso\eclipse-workspace\Map_Editor_VERSION2\lib\ini4j-0.5.4.jar;C:\Users\tjaso\eclipse-workspace\Map_Editor_VERSION2\lib\lwjgl_util.jar;C:\Users\tjaso\eclipse-workspace\Map_Editor_VERSION2\lib\lwjgl.jar;C:\Users\tjaso\eclipse-workspace\Map_Editor_VERSION2\lib\PNGDecoder.jar;C:\Users\tjaso\eclipse-workspace\Map_Editor_VERSION2\lib\slick.jar
Launcher Type: SUN_STANDARD

Environment Variables:
PATH=C:/Program Files/Java/jre1.8.0_144/bin/server;C:/Program Files/Java/jre1.8.0_144/bin;C:/Program Files/Java/jre1.8.0_144/lib/amd64;C:\ProgramData\Oracle\Java\javapath;C:\WINDOWS\system32;C:\WINDOWS;C:\WINDOWS\System32\Wbem;C:\WINDOWS\System32\WindowsPowerShell\v1.0\;C:\WINDOWS\System32\OpenSSH\;C:\Program Files\Intel\WiFi\bin\;C:\Program Files\Common Files\Intel\WirelessCommon\;C:\Program Files\Git\cmd;C:\Program Files\CMake\bin;C:\Users\tjaso\AppData\Local\Microsoft\WindowsApps;;C:\WINDOWS\System32;
USERNAME=tjaso
OS=Windows_NT
PROCESSOR_IDENTIFIER=Intel64 Family 6 Model 142 Stepping 9, GenuineIntel



---------------  S Y S T E M  ---------------

OS: Windows 10.0 , 64 bit Build 17134 (10.0.17134.1)

CPU:total 4 (initial active 4) (2 cores per cpu, 2 threads per core) family 6 model 142 stepping 9, cmov, cx8, fxsr, mmx, sse, sse2, sse3, ssse3, sse4.1, sse4.2, popcnt, avx, avx2, aes, clmul, erms, rtm, 3dnowpref, lzcnt, ht, tsc, tscinvbit, bmi1, bmi2, adx

Memory: 4k page, physical 16646340k(11054392k free), swap 19644612k(12663400k free)

vm_info: Java HotSpot(TM) 64-Bit Server VM (25.144-b01) for windows-amd64 JRE (1.8.0_144-b01), built on Jul 21 2017 21:57:33 by "java_re" with MS VC++ 10.0 (VS2010)

time: Fri Feb 01 12:37:49 2019
elapsed time: 2 seconds (0d 0h 0m 2s)

