#
# A fatal error has been detected by the Java Runtime Environment:
#
#  EXCEPTION_ACCESS_VIOLATION (0xc0000005) at pc=0x00007ff892fe8c4c, pid=13404, tid=0x00000000000011f4
#
# JRE version: Java(TM) SE Runtime Environment (8.0_144-b01) (build 1.8.0_144-b01)
# Java VM: Java HotSpot(TM) 64-Bit Server VM (25.144-b01 mixed mode windows-amd64 compressed oops)
# Problematic frame:
# C  [ig9icd64.dll+0x38c4c]
#
# Failed to write core dump. Minidumps are not enabled by default on client versions of Windows
#
# If you would like to submit a bug report, please visit:
#   http://bugreport.java.com/bugreport/crash.jsp
# The crash happened outside the Java Virtual Machine in native code.
# See problematic frame for where to report the bug.
#

---------------  T H R E A D  ---------------

Current thread (0x0000000002380800):  JavaThread "main" [_thread_in_native, id=4596, stack(0x00000000021f0000,0x00000000022f0000)]

siginfo: ExceptionCode=0xc0000005, reading address 0x0000000000000110

Registers:
RAX=0x0000000000000000, RBX=0x00000000005e7ce0, RCX=0x00000000005e7ce0, RDX=0x00000000207806b0
RSP=0x00000000022ee3e0, RBP=0x00000000006250c0, RSI=0x00000000207806b0, RDI=0x000000002077f410
R8 =0x00000000207806b0, R9 =0x00000000022ee2c0, R10=0x0000000000000000, R11=0x0000000000000246
R12=0x00000000000000a0, R13=0x000000000004613e, R14=0x000000002077f660, R15=0x000000002077f540
RIP=0x00007ff892fe8c4c, EFLAGS=0x0000000000010202

Top of Stack: (sp=0x00000000022ee3e0)
0x00000000022ee3e0:   0000000000000000 0000000000000000
0x00000000022ee3f0:   000000002077f540 000000002077f660
0x00000000022ee400:   fffffffffffffffe 00000000000000a0
0x00000000022ee410:   00000000207806b0 00007ff892fd0487
0x00000000022ee420:   00000000289a6690 00000000005e7ce0
0x00000000022ee430:   000000002077f410 0000000000000000
0x00000000022ee440:   0000000000000001 0000000000000000
0x00000000022ee450:   0000000000000000 00007ff892fd0271
0x00000000022ee460:   0000000000000001 00000000006250c0
0x00000000022ee470:   000000002077f410 0000000000000000
0x00000000022ee480:   0000000000000001 0000000000000000
0x00000000022ee490:   0000000000000000 0000000000000000
0x00000000022ee4a0:   00000000022ee5f0 00007ff892fd86a6
0x00000000022ee4b0:   000000002077f410 0000000000000000
0x00000000022ee4c0:   0000000000000000 000000002077f410
0x00000000022ee4d0:   00000000022ee4f0 000000002077f410 

Instructions: (pc=0x00007ff892fe8c4c)
0x00007ff892fe8c2c:   90 48 8b 87 38 03 00 00 48 89 86 00 04 00 00 48
0x00007ff892fe8c3c:   89 b7 38 03 00 00 ff 87 40 03 00 00 48 8b 46 08
0x00007ff892fe8c4c:   48 8b 88 10 01 00 00 48 01 8f 48 03 00 00 48 8b
0x00007ff892fe8c5c:   97 48 03 00 00 48 03 97 a8 03 00 00 48 8b 05 71 


Register to memory mapping:

RAX=0x0000000000000000 is an unknown value
RBX=0x00000000005e7ce0 is an unknown value
RCX=0x00000000005e7ce0 is an unknown value
RDX=0x00000000207806b0 is an unknown value
RSP=0x00000000022ee3e0 is pointing into the stack for thread: 0x0000000002380800
RBP=0x00000000006250c0 is an unknown value
RSI=0x00000000207806b0 is an unknown value
RDI=0x000000002077f410 is an unknown value
R8 =0x00000000207806b0 is an unknown value
R9 =0x00000000022ee2c0 is pointing into the stack for thread: 0x0000000002380800
R10=0x0000000000000000 is an unknown value
R11=0x0000000000000246 is an unknown value
R12=0x00000000000000a0 is an unknown value
R13=0x000000000004613e is an unknown value
R14=0x000000002077f660 is an unknown value
R15=0x000000002077f540 is an unknown value


Stack: [0x00000000021f0000,0x00000000022f0000],  sp=0x00000000022ee3e0,  free space=1016k
Native frames: (J=compiled Java code, j=interpreted, Vv=VM code, C=native code)
C  [ig9icd64.dll+0x38c4c]

Java frames: (J=compiled Java code, j=interpreted, Vv=VM code)
J 1196  org.lwjgl.opengl.WindowsContextImplementation.nSwapBuffers(Ljava/nio/ByteBuffer;)V (0 bytes) @ 0x0000000002827b92 [0x0000000002827b40+0x52]
J 1276 C2 org.lwjgl.opengl.Display.swapBuffers()V (55 bytes) @ 0x000000000288220c [0x0000000002882000+0x20c]
J 1280 C2 org.lwjgl.opengl.Display.update(Z)V (154 bytes) @ 0x000000000286d970 [0x000000000286d8e0+0x90]
J 1286% C1 opengl.GLWindow.loop()V (91 bytes) @ 0x0000000002884a34 [0x0000000002883e40+0xbf4]
j  opengl.GLWindow.main([Ljava/lang/String;)V+25
v  ~StubRoutines::call_stub

---------------  P R O C E S S  ---------------

Java Threads: ( => current thread )
  0x000000001dee1000 JavaThread "LWJGL Timer" daemon [_thread_blocked, id=8636, stack(0x0000000029ac0000,0x0000000029bc0000)]
  0x000000001dd1d800 JavaThread "AWT-EventQueue-0" [_thread_blocked, id=6484, stack(0x000000001f090000,0x000000001f190000)]
  0x000000001dd05000 JavaThread "AWT-Windows" daemon [_thread_in_native, id=1408, stack(0x000000001e7a0000,0x000000001e8a0000)]
  0x000000001dd02800 JavaThread "AWT-Shutdown" [_thread_blocked, id=2356, stack(0x000000001e6a0000,0x000000001e7a0000)]
  0x000000001d77e000 JavaThread "Java2D Disposer" daemon [_thread_blocked, id=8056, stack(0x000000001e4b0000,0x000000001e5b0000)]
  0x000000001ba9e800 JavaThread "Service Thread" daemon [_thread_blocked, id=12460, stack(0x000000001d780000,0x000000001d880000)]
  0x000000001ba49000 JavaThread "C1 CompilerThread2" daemon [_thread_blocked, id=10832, stack(0x000000001d280000,0x000000001d380000)]
  0x000000001ba45800 JavaThread "C2 CompilerThread1" daemon [_thread_blocked, id=11584, stack(0x000000001d180000,0x000000001d280000)]
  0x000000001ba40000 JavaThread "C2 CompilerThread0" daemon [_thread_blocked, id=9420, stack(0x000000001d080000,0x000000001d180000)]
  0x000000001ba3b800 JavaThread "Attach Listener" daemon [_thread_blocked, id=10052, stack(0x000000001cf80000,0x000000001d080000)]
  0x000000001ba3a800 JavaThread "Signal Dispatcher" daemon [_thread_blocked, id=11968, stack(0x000000001ce80000,0x000000001cf80000)]
  0x000000000247b800 JavaThread "Finalizer" daemon [_thread_blocked, id=12744, stack(0x000000001cc90000,0x000000001cd90000)]
  0x000000001ba09000 JavaThread "Reference Handler" daemon [_thread_blocked, id=13872, stack(0x000000001cb90000,0x000000001cc90000)]
=>0x0000000002380800 JavaThread "main" [_thread_in_native, id=4596, stack(0x00000000021f0000,0x00000000022f0000)]

Other Threads:
  0x000000001ba07000 VMThread [stack: 0x000000001ca90000,0x000000001cb90000] [id=6076]
  0x000000001d3ce000 WatcherThread [stack: 0x000000001d880000,0x000000001d980000] [id=5676]

VM state:not at safepoint (normal execution)

VM Mutex/Monitor currently owned by a thread: None

Heap:
 PSYoungGen      total 76288K, used 32266K [0x000000076b500000, 0x0000000770a00000, 0x00000007c0000000)
  eden space 65536K, 32% used [0x000000076b500000,0x000000076ca03bf0,0x000000076f500000)
  from space 10752K, 99% used [0x000000076f500000,0x000000076ff7ef08,0x000000076ff80000)
  to   space 10752K, 0% used [0x000000076ff80000,0x000000076ff80000,0x0000000770a00000)
 ParOldGen       total 175104K, used 15031K [0x00000006c1e00000, 0x00000006cc900000, 0x000000076b500000)
  object space 175104K, 8% used [0x00000006c1e00000,0x00000006c2cadc20,0x00000006cc900000)
 Metaspace       used 14454K, capacity 14667K, committed 14976K, reserved 1062912K
  class space    used 1817K, capacity 1903K, committed 1920K, reserved 1048576K

Card table byte_map: [0x0000000011840000,0x0000000012040000] byte_map_base: 0x000000000e231000

Marking Bits: (ParMarkBitMap*) 0x00000000521bd850
 Begin Bits: [0x0000000012990000, 0x0000000016918000)
 End Bits:   [0x0000000016918000, 0x000000001a8a0000)

Polling page: 0x00000000004f0000

CodeCache: size=245760Kb used=4159Kb max_used=4159Kb free=241600Kb
 bounds [0x0000000002480000, 0x00000000028a0000, 0x0000000011480000]
 total_blobs=1888 nmethods=1302 adapters=498
 compilation: enabled

Compilation events (10 events):
Event: 1103.330 Thread 0x000000001ba40000 nmethod 1298 0x000000000284ddd0 code [0x000000000284df00, 0x000000000284df78]
Event: 1103.331 Thread 0x000000001ba49000 nmethod 1296 0x000000000288ec90 code [0x000000000288eec0, 0x000000000288fb68]
Event: 1103.331 Thread 0x000000001ba49000 1299       3       sun.misc.VM::addFinalRefCount (24 bytes)
Event: 1103.332 Thread 0x000000001ba49000 nmethod 1299 0x00000000028899d0 code [0x0000000002889b20, 0x0000000002889cd0]
Event: 1103.332 Thread 0x000000001ba49000 1300   !   3       java.lang.ref.ReferenceQueue::enqueue (119 bytes)
Event: 1103.332 Thread 0x000000001ba49000 nmethod 1300 0x000000000288e190 code [0x000000000288e320, 0x000000000288eaa8]
Event: 1103.332 Thread 0x000000001ba49000 1301       3       java.lang.ref.Reference::clear (6 bytes)
Event: 1103.332 Thread 0x000000001ba49000 nmethod 1301 0x000000000288de50 code [0x000000000288dfa0, 0x000000000288e110]
Event: 1590.080 Thread 0x000000001ba49000 1302       3       javax.swing.JComponent::revalidate (53 bytes)
Event: 1590.084 Thread 0x000000001ba49000 nmethod 1302 0x0000000002890090 code [0x00000000028903c0, 0x0000000002891de8]

GC Heap History (2 events):
Event: 1103.295 GC heap before
{Heap before GC invocations=1 (full 0):
 PSYoungGen      total 76288K, used 65536K [0x000000076b500000, 0x0000000770a00000, 0x00000007c0000000)
  eden space 65536K, 100% used [0x000000076b500000,0x000000076f500000,0x000000076f500000)
  from space 10752K, 0% used [0x000000076ff80000,0x000000076ff80000,0x0000000770a00000)
  to   space 10752K, 0% used [0x000000076f500000,0x000000076f500000,0x000000076ff80000)
 ParOldGen       total 175104K, used 0K [0x00000006c1e00000, 0x00000006cc900000, 0x000000076b500000)
  object space 175104K, 0% used [0x00000006c1e00000,0x00000006c1e00000,0x00000006cc900000)
 Metaspace       used 14451K, capacity 14667K, committed 14976K, reserved 1062912K
  class space    used 1817K, capacity 1903K, committed 1920K, reserved 1048576K
Event: 1103.326 GC heap after
Heap after GC invocations=1 (full 0):
 PSYoungGen      total 76288K, used 10747K [0x000000076b500000, 0x0000000770a00000, 0x00000007c0000000)
  eden space 65536K, 0% used [0x000000076b500000,0x000000076b500000,0x000000076f500000)
  from space 10752K, 99% used [0x000000076f500000,0x000000076ff7ef08,0x000000076ff80000)
  to   space 10752K, 0% used [0x000000076ff80000,0x000000076ff80000,0x0000000770a00000)
 ParOldGen       total 175104K, used 15031K [0x00000006c1e00000, 0x00000006cc900000, 0x000000076b500000)
  object space 175104K, 8% used [0x00000006c1e00000,0x00000006c2cadc20,0x00000006cc900000)
 Metaspace       used 14451K, capacity 14667K, committed 14976K, reserved 1062912K
  class space    used 1817K, capacity 1903K, committed 1920K, reserved 1048576K
}

Deoptimization events (6 events):
Event: 1.310 Thread 0x0000000002380800 Uncommon trap: reason=class_check action=maybe_recompile pc=0x000000000260dc98 method=java.lang.String.equals(Ljava/lang/Object;)Z @ 8
Event: 1.311 Thread 0x0000000002380800 Uncommon trap: reason=class_check action=maybe_recompile pc=0x000000000260dc98 method=java.lang.String.equals(Ljava/lang/Object;)Z @ 8
Event: 1.311 Thread 0x0000000002380800 Uncommon trap: reason=class_check action=maybe_recompile pc=0x000000000260dc98 method=java.lang.String.equals(Ljava/lang/Object;)Z @ 8
Event: 1.312 Thread 0x0000000002380800 Uncommon trap: reason=class_check action=maybe_recompile pc=0x000000000260dc98 method=java.lang.String.equals(Ljava/lang/Object;)Z @ 8
Event: 189.903 Thread 0x0000000002380800 Uncommon trap: reason=unstable_if action=reinterpret pc=0x000000000284e2d8 method=org.lwjgl.opengl.Sync$RunningAvg.dampenForLowResTicker()V @ 8
Event: 1589.255 Thread 0x0000000002380800 Uncommon trap: reason=unstable_if action=reinterpret pc=0x000000000285f6f4 method=java.util.concurrent.locks.ReentrantLock$NonfairSync.lock()V @ 6

Internal exceptions (10 events):
Event: 0.095 Thread 0x0000000002380800 Exception <a 'java/lang/NoSuchMethodError': Method sun.misc.Unsafe.defineClass(Ljava/lang/String;[BII)Ljava/lang/Class; name or signature does not match> (0x000000076b507ca8) thrown at [C:\re\workspace\8-2-build-windows-amd64-cygwin\jdk8u144\9417\hotspot\
Event: 0.095 Thread 0x0000000002380800 Exception <a 'java/lang/NoSuchMethodError': Method sun.misc.Unsafe.prefetchRead(Ljava/lang/Object;J)V name or signature does not match> (0x000000076b507f90) thrown at [C:\re\workspace\8-2-build-windows-amd64-cygwin\jdk8u144\9417\hotspot\src\share\vm\prims
Event: 0.432 Thread 0x0000000002380800 Exception <a 'java/security/PrivilegedActionException'> (0x000000076b7dc9e0) thrown at [C:\re\workspace\8-2-build-windows-amd64-cygwin\jdk8u144\9417\hotspot\src\share\vm\prims\jvm.cpp, line 1390]
Event: 0.432 Thread 0x0000000002380800 Exception <a 'java/security/PrivilegedActionException'> (0x000000076b7dcbf0) thrown at [C:\re\workspace\8-2-build-windows-amd64-cygwin\jdk8u144\9417\hotspot\src\share\vm\prims\jvm.cpp, line 1390]
Event: 0.433 Thread 0x0000000002380800 Exception <a 'java/security/PrivilegedActionException'> (0x000000076b7e0860) thrown at [C:\re\workspace\8-2-build-windows-amd64-cygwin\jdk8u144\9417\hotspot\src\share\vm\prims\jvm.cpp, line 1390]
Event: 0.433 Thread 0x0000000002380800 Exception <a 'java/security/PrivilegedActionException'> (0x000000076b7e0a70) thrown at [C:\re\workspace\8-2-build-windows-amd64-cygwin\jdk8u144\9417\hotspot\src\share\vm\prims\jvm.cpp, line 1390]
Event: 0.440 Thread 0x0000000002380800 Exception <a 'java/io/FileNotFoundException'> (0x000000076b7e2e28) thrown at [C:\re\workspace\8-2-build-windows-amd64-cygwin\jdk8u144\9417\hotspot\src\share\vm\prims\jni.cpp, line 709]
Event: 0.520 Thread 0x0000000002380800 Exception <a 'java/lang/NoSuchFieldError': method resolution failed> (0x000000076b8b0280) thrown at [C:\re\workspace\8-2-build-windows-amd64-cygwin\jdk8u144\9417\hotspot\src\share\vm\prims\methodHandles.cpp, line 1146]
Event: 0.523 Thread 0x0000000002380800 Exception <a 'java/lang/NoSuchFieldError': method resolution failed> (0x000000076b8bd5d0) thrown at [C:\re\workspace\8-2-build-windows-amd64-cygwin\jdk8u144\9417\hotspot\src\share\vm\prims\methodHandles.cpp, line 1146]
Event: 0.607 Thread 0x0000000002380800 Exception <a 'java/io/FileNotFoundException'> (0x000000076b951030) thrown at [C:\re\workspace\8-2-build-windows-amd64-cygwin\jdk8u144\9417\hotspot\src\share\vm\prims\jni.cpp, line 709]

Events (10 events):
Event: 1103.326 Executing VM operation: ParallelGCFailedAllocation done
Event: 1103.331 Executing VM operation: RevokeBias
Event: 1103.331 Executing VM operation: RevokeBias done
Event: 1103.331 Executing VM operation: RevokeBias
Event: 1103.331 Executing VM operation: RevokeBias done
Event: 1103.331 Executing VM operation: RevokeBias
Event: 1103.331 Executing VM operation: RevokeBias done
Event: 1589.254 Thread 0x0000000002380800 Uncommon trap: trap_request=0xffffff65 fr.pc=0x000000000285f6f4
Event: 1589.255 Thread 0x0000000002380800 DEOPT PACKING pc=0x000000000285f6f4 sp=0x00000000022eefb0
Event: 1589.255 Thread 0x0000000002380800 DEOPT UNPACKING pc=0x00000000024c582a sp=0x00000000022eede8 mode 2


Dynamic libraries:
0x00007ff753460000 - 0x00007ff753497000 	C:\Program Files\Java\jre1.8.0_144\bin\javaw.exe
0x00007ff8d9140000 - 0x00007ff8d9321000 	C:\WINDOWS\SYSTEM32\ntdll.dll
0x00007ff8d73a0000 - 0x00007ff8d7452000 	C:\WINDOWS\System32\KERNEL32.DLL
0x00007ff8d5e70000 - 0x00007ff8d60e3000 	C:\WINDOWS\System32\KERNELBASE.dll
0x00007ff8d6ad0000 - 0x00007ff8d6b71000 	C:\WINDOWS\System32\ADVAPI32.dll
0x00007ff8d6fd0000 - 0x00007ff8d706e000 	C:\WINDOWS\System32\msvcrt.dll
0x00007ff8d6d30000 - 0x00007ff8d6d8b000 	C:\WINDOWS\System32\sechost.dll
0x00007ff8d7270000 - 0x00007ff8d7394000 	C:\WINDOWS\System32\RPCRT4.dll
0x00007ff8d7b40000 - 0x00007ff8d7cd0000 	C:\WINDOWS\System32\USER32.dll
0x00007ff8d63c0000 - 0x00007ff8d63e0000 	C:\WINDOWS\System32\win32u.dll
0x00007ff8d69b0000 - 0x00007ff8d69d8000 	C:\WINDOWS\System32\GDI32.dll
0x00007ff8d5cd0000 - 0x00007ff8d5e62000 	C:\WINDOWS\System32\gdi32full.dll
0x00007ff8d6150000 - 0x00007ff8d61ef000 	C:\WINDOWS\System32\msvcp_win.dll
0x00007ff8d62c0000 - 0x00007ff8d63ba000 	C:\WINDOWS\System32\ucrtbase.dll
0x00007ff8c02a0000 - 0x00007ff8c0509000 	C:\WINDOWS\WinSxS\amd64_microsoft.windows.common-controls_6595b64144ccf1df_6.0.17134.523_none_fb409dd930672a56\COMCTL32.dll
0x00007ff8d6680000 - 0x00007ff8d69a2000 	C:\WINDOWS\System32\combase.dll
0x00007ff8d6240000 - 0x00007ff8d62ba000 	C:\WINDOWS\System32\bcryptPrimitives.dll
0x00007ff8d65d0000 - 0x00007ff8d65fd000 	C:\WINDOWS\System32\IMM32.DLL
0x00000000518c0000 - 0x0000000051992000 	C:\Program Files\Java\jre1.8.0_144\bin\msvcr100.dll
0x00000000519a0000 - 0x000000005223d000 	C:\Program Files\Java\jre1.8.0_144\bin\server\jvm.dll
0x00007ff8d6fc0000 - 0x00007ff8d6fc8000 	C:\WINDOWS\System32\PSAPI.DLL
0x00007ff8cbdc0000 - 0x00007ff8cbdc9000 	C:\WINDOWS\SYSTEM32\WSOCK32.dll
0x00007ff8d6bf0000 - 0x00007ff8d6c5c000 	C:\WINDOWS\System32\WS2_32.dll
0x00007ff8d2b50000 - 0x00007ff8d2b73000 	C:\WINDOWS\SYSTEM32\WINMM.dll
0x00007ff8c1580000 - 0x00007ff8c158a000 	C:\WINDOWS\SYSTEM32\VERSION.dll
0x00007ff8d2b20000 - 0x00007ff8d2b4a000 	C:\WINDOWS\SYSTEM32\WINMMBASE.dll
0x00007ff8d61f0000 - 0x00007ff8d6239000 	C:\WINDOWS\System32\cfgmgr32.dll
0x00000000518b0000 - 0x00000000518bf000 	C:\Program Files\Java\jre1.8.0_144\bin\verify.dll
0x0000000051880000 - 0x00000000518a9000 	C:\Program Files\Java\jre1.8.0_144\bin\java.dll
0x0000000051860000 - 0x0000000051876000 	C:\Program Files\Java\jre1.8.0_144\bin\zip.dll
0x00007ff8d7cd0000 - 0x00007ff8d9110000 	C:\WINDOWS\System32\SHELL32.dll
0x00007ff8d6f10000 - 0x00007ff8d6fb9000 	C:\WINDOWS\System32\shcore.dll
0x00007ff8d5510000 - 0x00007ff8d5c1d000 	C:\WINDOWS\System32\windows.storage.dll
0x00007ff8d74d0000 - 0x00007ff8d7521000 	C:\WINDOWS\System32\shlwapi.dll
0x00007ff8d54d0000 - 0x00007ff8d54e1000 	C:\WINDOWS\System32\kernel.appcore.dll
0x00007ff8d54f0000 - 0x00007ff8d550f000 	C:\WINDOWS\System32\profapi.dll
0x00007ff8d5460000 - 0x00007ff8d54ac000 	C:\WINDOWS\System32\powrprof.dll
0x00007ff8d5450000 - 0x00007ff8d545a000 	C:\WINDOWS\System32\FLTLIB.DLL
0x0000000180000000 - 0x0000000180053000 	C:\Users\tjaso\eclipse-workspace\Map_Editor_VERSION2\lib\windows\lwjgl64.dll
0x00007ff8a5b50000 - 0x00007ff8a5c70000 	C:\WINDOWS\SYSTEM32\OPENGL32.dll
0x00007ff8b2b60000 - 0x00007ff8b2b8c000 	C:\WINDOWS\SYSTEM32\GLU32.dll
0x0000000051630000 - 0x00000000517c8000 	C:\Program Files\Java\jre1.8.0_144\bin\awt.dll
0x00007ff8d6c60000 - 0x00007ff8d6d22000 	C:\WINDOWS\System32\OLEAUT32.dll
0x00007ff8d31f0000 - 0x00007ff8d327b000 	C:\WINDOWS\SYSTEM32\apphelp.dll
0x00007ff8d3600000 - 0x00007ff8d3629000 	C:\WINDOWS\system32\DWMAPI.DLL
0x00007ff8d3370000 - 0x00007ff8d3408000 	C:\WINDOWS\system32\uxtheme.dll
0x00007ff8d6d90000 - 0x00007ff8d6f03000 	C:\WINDOWS\System32\MSCTF.dll
0x00007ff8d7070000 - 0x00007ff8d71c1000 	C:\WINDOWS\System32\ole32.dll
0x00000000515e0000 - 0x0000000051627000 	C:\Program Files\Java\jre1.8.0_144\bin\fontmanager.dll
0x00007ff8c6f20000 - 0x00007ff8c6fb6000 	C:\WINDOWS\System32\TextInputFramework.dll
0x00007ff8d0a40000 - 0x00007ff8d0d5e000 	C:\WINDOWS\System32\CoreUIComponents.dll
0x00007ff8d2f30000 - 0x00007ff8d300a000 	C:\WINDOWS\System32\CoreMessaging.dll
0x00007ff8d4540000 - 0x00007ff8d4571000 	C:\WINDOWS\SYSTEM32\ntmarta.dll
0x00007ff8d08f0000 - 0x00007ff8d0a3d000 	C:\WINDOWS\SYSTEM32\wintypes.dll
0x00007ff8c3270000 - 0x00007ff8c32db000 	C:\WINDOWS\system32\Oleacc.dll
0x0000000051840000 - 0x000000005185a000 	C:\Program Files\Java\jre1.8.0_144\bin\net.dll
0x00007ff8d4cd0000 - 0x00007ff8d4d36000 	C:\WINDOWS\system32\mswsock.dll
0x0000000051820000 - 0x0000000051831000 	C:\Program Files\Java\jre1.8.0_144\bin\nio.dll
0x0000000051590000 - 0x00000000515d2000 	C:\Program Files\Java\jre1.8.0_144\bin\t2k.dll
0x00007ff8d71d0000 - 0x00007ff8d7270000 	C:\WINDOWS\System32\clbcatq.dll
0x00007ff8d1070000 - 0x00007ff8d121e000 	C:\WINDOWS\SYSTEM32\WindowsCodecs.dll
0x00007ff8cb8a0000 - 0x00007ff8cb8f8000 	C:\WINDOWS\system32\dataexchange.dll
0x00007ff8d1a50000 - 0x00007ff8d1d5b000 	C:\WINDOWS\system32\d3d11.dll
0x00007ff8d2950000 - 0x00007ff8d2aec000 	C:\WINDOWS\system32\dcomp.dll
0x00007ff8d4210000 - 0x00007ff8d42cb000 	C:\WINDOWS\system32\dxgi.dll
0x00007ff8d3790000 - 0x00007ff8d3948000 	C:\WINDOWS\system32\twinapi.appcore.dll
0x00007ff8d3710000 - 0x00007ff8d3731000 	C:\WINDOWS\system32\RMCLIENT.dll
0x0000000051580000 - 0x0000000051587000 	C:\Program Files\Java\jre1.8.0_144\bin\jawt.dll
0x00007ff892fb0000 - 0x00007ff893e6f000 	C:\WINDOWS\System32\DriverStore\FileRepository\k127368.inf_amd64_a2c6cbb1c7497dcd\ig9icd64.dll
0x00007ff8d3bc0000 - 0x00007ff8d3bd3000 	C:\WINDOWS\SYSTEM32\WTSAPI32.dll
0x00007ff8ccf90000 - 0x00007ff8ced25000 	C:\WINDOWS\System32\DriverStore\FileRepository\k127368.inf_amd64_a2c6cbb1c7497dcd\igc64.dll

VM Arguments:
jvm_args: -Djava.library.path=C:\Users\tjaso\eclipse-workspace\Map_Editor_VERSION2\lib\windows -Dfile.encoding=Cp1252 
java_command: opengl.GLWindow
java_class_path (initial): C:\Users\tjaso\eclipse-workspace\Map_Editor_VERSION2\bin;C:\Users\tjaso\eclipse-workspace\Map_Editor_VERSION2\lib\ini4j-0.5.4.jar;C:\Users\tjaso\eclipse-workspace\Map_Editor_VERSION2\lib\lwjgl_util.jar;C:\Users\tjaso\eclipse-workspace\Map_Editor_VERSION2\lib\lwjgl.jar;C:\Users\tjaso\eclipse-workspace\Map_Editor_VERSION2\lib\PNGDecoder.jar;C:\Users\tjaso\eclipse-workspace\Map_Editor_VERSION2\lib\slick.jar
Launcher Type: SUN_STANDARD

Environment Variables:
PATH=C:/Program Files/Java/jre1.8.0_144/bin/server;C:/Program Files/Java/jre1.8.0_144/bin;C:/Program Files/Java/jre1.8.0_144/lib/amd64;C:\ProgramData\Oracle\Java\javapath;C:\WINDOWS\system32;C:\WINDOWS;C:\WINDOWS\System32\Wbem;C:\WINDOWS\System32\WindowsPowerShell\v1.0\;C:\WINDOWS\System32\OpenSSH\;C:\Program Files\Intel\WiFi\bin\;C:\Program Files\Common Files\Intel\WirelessCommon\;C:\Program Files\Git\cmd;C:\Program Files\CMake\bin;C:\Users\tjaso\AppData\Local\Microsoft\WindowsApps;;C:\WINDOWS\System32;
USERNAME=tjaso
OS=Windows_NT
PROCESSOR_IDENTIFIER=Intel64 Family 6 Model 142 Stepping 9, GenuineIntel



---------------  S Y S T E M  ---------------

OS: Windows 10.0 , 64 bit Build 17134 (10.0.17134.1)

CPU:total 4 (initial active 4) (2 cores per cpu, 2 threads per core) family 6 model 142 stepping 9, cmov, cx8, fxsr, mmx, sse, sse2, sse3, ssse3, sse4.1, sse4.2, popcnt, avx, avx2, aes, clmul, erms, rtm, 3dnowpref, lzcnt, ht, tsc, tscinvbit, bmi1, bmi2, adx

Memory: 4k page, physical 16646340k(402848k free), swap 20742340k(28k free)

vm_info: Java HotSpot(TM) 64-Bit Server VM (25.144-b01) for windows-amd64 JRE (1.8.0_144-b01), built on Jul 21 2017 21:57:33 by "java_re" with MS VC++ 10.0 (VS2010)

time: Thu Jan 31 19:39:38 2019
elapsed time: 1597 seconds (0d 0h 26m 37s)

