#
# A fatal error has been detected by the Java Runtime Environment:
#
#  EXCEPTION_ACCESS_VIOLATION (0xc0000005) at pc=0x00007ff891ac699d, pid=8668, tid=0x0000000000002cac
#
# JRE version: Java(TM) SE Runtime Environment (8.0_144-b01) (build 1.8.0_144-b01)
# Java VM: Java HotSpot(TM) 64-Bit Server VM (25.144-b01 mixed mode windows-amd64 compressed oops)
# Problematic frame:
# C  [ig9icd64.dll+0x52699d]
#
# Failed to write core dump. Minidumps are not enabled by default on client versions of Windows
#
# If you would like to submit a bug report, please visit:
#   http://bugreport.java.com/bugreport/crash.jsp
# The crash happened outside the Java Virtual Machine in native code.
# See problematic frame for where to report the bug.
#

---------------  T H R E A D  ---------------

Current thread (0x00000000026b0800):  JavaThread "main" [_thread_in_native, id=11436, stack(0x00000000025b0000,0x00000000026b0000)]

siginfo: ExceptionCode=0xc0000005, writing address 0x0000000022bd0000

Registers:
RAX=0x00000000680b0000, RBX=0x0000000020a6c440, RCX=0x0000000022bc0000, RDX=0x0000000000010000
RSP=0x00000000026aeec0, RBP=0x00000000026aefc0, RSI=0x00000000026af220, RDI=0x000000000088eac0
R8 =0x0000000020a6c2d8, R9 =0x0000000000000000, R10=0x000000000088eac0, R11=0x00000000026af1c8
R12=0x0000000000004100, R13=0x0000000020a37e40, R14=0x0000000000000000, R15=0x0000000000000000
RIP=0x00007ff891ac699d, EFLAGS=0x0000000000010246

Top of Stack: (sp=0x00000000026aeec0)
0x00000000026aeec0:   0000000000000000 0000000000000000
0x00000000026aeed0:   0000000000000000 0000000000000000
0x00000000026aeee0:   0000000000000000 0000000000000000
0x00000000026aeef0:   0000000000000000 00000000007d4b90
0x00000000026aef00:   000000001d7f0830 00007ff8d91506f2
0x00000000026aef10:   000000000088eac0 0000000000761140
0x00000000026aef20:   0000000000760cc0 000000000000001d
0x00000000026aef30:   00000000026af220 0000000020a6d8e4
0x00000000026aef40:   0000000000000000 0000000000000010
0x00000000026aef50:   0000000000000008 0000000000000000
0x00000000026aef60:   0000000000000002 0000000000000001
0x00000000026aef70:   0000000000000000 0000000000000000
0x00000000026aef80:   0000000000750000 00007ff8d915922b
0x00000000026aef90:   0000000000000040 0000000000000000
0x00000000026aefa0:   0000000000000008 0000000000000000
0x00000000026aefb0:   0000000000000000 0000000000000000 

Instructions: (pc=0x00007ff891ac699d)
0x00007ff891ac697d:   00 00 c7 81 b4 bd 00 00 00 00 00 00 4d 8b 85 b0
0x00007ff891ac698d:   44 03 00 8b 05 ba 1f 85 00 41 8b 50 10 49 8b 08
0x00007ff891ac699d:   89 04 0a 33 d2 41 83 40 10 04 48 8d 4d d0 41 b8
0x00007ff891ac69ad:   d0 01 00 00 e8 3a 83 38 00 49 63 85 10 1b 00 00 


Register to memory mapping:

RAX=0x00000000680b0000 is an unknown value
RBX=0x0000000020a6c440 is an unknown value
RCX=0x0000000022bc0000 is an unknown value
RDX=0x0000000000010000 is an unknown value
RSP=0x00000000026aeec0 is pointing into the stack for thread: 0x00000000026b0800
RBP=0x00000000026aefc0 is pointing into the stack for thread: 0x00000000026b0800
RSI=0x00000000026af220 is pointing into the stack for thread: 0x00000000026b0800
RDI=0x000000000088eac0 is an unknown value
R8 =0x0000000020a6c2d8 is an unknown value
R9 =0x0000000000000000 is an unknown value
R10=0x000000000088eac0 is an unknown value
R11=0x00000000026af1c8 is pointing into the stack for thread: 0x00000000026b0800
R12=0x0000000000004100 is an unknown value
R13=0x0000000020a37e40 is an unknown value
R14=0x0000000000000000 is an unknown value
R15=0x0000000000000000 is an unknown value


Stack: [0x00000000025b0000,0x00000000026b0000],  sp=0x00000000026aeec0,  free space=1019k
Native frames: (J=compiled Java code, j=interpreted, Vv=VM code, C=native code)
C  [ig9icd64.dll+0x52699d]
C  [ig9icd64.dll+0x4d82c4]
C  [ig9icd64.dll+0x471c0c]
C  0x0000000002b9064a

Java frames: (J=compiled Java code, j=interpreted, Vv=VM code)
J 1233  org.lwjgl.opengl.GL11.nglClear(IJ)V (0 bytes) @ 0x0000000002b905c4 [0x0000000002b90580+0x44]
J 1439 C2 org.lwjgl.opengl.GL11.glClear(I)V (19 bytes) @ 0x0000000002c268b0 [0x0000000002c26860+0x50]
j  application.GLWindow.loop()V+6
j  application.GLWindow.main([Ljava/lang/String;)V+22
v  ~StubRoutines::call_stub

---------------  P R O C E S S  ---------------

Java Threads: ( => current thread )
  0x000000001ed5b800 JavaThread "LWJGL Timer" daemon [_thread_blocked, id=9664, stack(0x000000002a070000,0x000000002a170000)]
  0x000000001d86a800 JavaThread "AWT-EventQueue-0" [_thread_blocked, id=13468, stack(0x000000001ea60000,0x000000001eb60000)]
  0x000000001d84b800 JavaThread "AWT-Windows" daemon [_thread_in_native, id=13572, stack(0x000000001e080000,0x000000001e180000)]
  0x000000001d849000 JavaThread "AWT-Shutdown" [_thread_blocked, id=13472, stack(0x000000001df80000,0x000000001e080000)]
  0x000000001d848000 JavaThread "Java2D Disposer" daemon [_thread_blocked, id=13476, stack(0x000000001de40000,0x000000001df40000)]
  0x000000001d4ba800 JavaThread "Service Thread" daemon [_thread_blocked, id=13504, stack(0x000000001dab0000,0x000000001dbb0000)]
  0x000000001bdca800 JavaThread "C1 CompilerThread2" daemon [_thread_blocked, id=1724, stack(0x000000001d9b0000,0x000000001dab0000)]
  0x000000001d4b8800 JavaThread "C2 CompilerThread1" daemon [_thread_blocked, id=13316, stack(0x000000001d8b0000,0x000000001d9b0000)]
  0x000000001bd6c000 JavaThread "C2 CompilerThread0" daemon [_thread_blocked, id=13584, stack(0x000000001d3b0000,0x000000001d4b0000)]
  0x000000001bd6a800 JavaThread "Attach Listener" daemon [_thread_blocked, id=12032, stack(0x000000001d2b0000,0x000000001d3b0000)]
  0x000000001bd69800 JavaThread "Signal Dispatcher" daemon [_thread_blocked, id=13144, stack(0x000000001d1b0000,0x000000001d2b0000)]
  0x000000001bd5a800 JavaThread "Finalizer" daemon [_thread_blocked, id=5068, stack(0x000000001cfc0000,0x000000001d0c0000)]
  0x000000001bd39000 JavaThread "Reference Handler" daemon [_thread_blocked, id=8504, stack(0x000000001cec0000,0x000000001cfc0000)]
=>0x00000000026b0800 JavaThread "main" [_thread_in_native, id=11436, stack(0x00000000025b0000,0x00000000026b0000)]

Other Threads:
  0x000000001bd36800 VMThread [stack: 0x000000001cdc0000,0x000000001cec0000] [id=13564]
  0x000000001d4d1800 WatcherThread [stack: 0x000000001dbb0000,0x000000001dcb0000] [id=13548]

VM state:not at safepoint (normal execution)

VM Mutex/Monitor currently owned by a thread: None

Heap:
 PSYoungGen      total 76288K, used 32412K [0x000000076b500000, 0x0000000770a00000, 0x00000007c0000000)
  eden space 65536K, 49% used [0x000000076b500000,0x000000076d4a7228,0x000000076f500000)
  from space 10752K, 0% used [0x000000076ff80000,0x000000076ff80000,0x0000000770a00000)
  to   space 10752K, 0% used [0x000000076f500000,0x000000076f500000,0x000000076ff80000)
 ParOldGen       total 175104K, used 0K [0x00000006c1e00000, 0x00000006cc900000, 0x000000076b500000)
  object space 175104K, 0% used [0x00000006c1e00000,0x00000006c1e00000,0x00000006cc900000)
 Metaspace       used 14683K, capacity 14869K, committed 14976K, reserved 1062912K
  class space    used 1843K, capacity 1905K, committed 1920K, reserved 1048576K

Card table byte_map: [0x0000000011b70000,0x0000000012370000] byte_map_base: 0x000000000e561000

Marking Bits: (ParMarkBitMap*) 0x00000000521bd850
 Begin Bits: [0x0000000012cc0000, 0x0000000016c48000)
 End Bits:   [0x0000000016c48000, 0x000000001abd0000)

Polling page: 0x0000000000740000

CodeCache: size=245760Kb used=4719Kb max_used=4731Kb free=241040Kb
 bounds [0x00000000027b0000, 0x0000000002c60000, 0x00000000117b0000]
 total_blobs=2033 nmethods=1448 adapters=497
 compilation: enabled

Compilation events (10 events):
Event: 97.658 Thread 0x000000001bd6c000 nmethod 1444 0x0000000002c2a090 code [0x0000000002c2a1e0, 0x0000000002c2a438]
Event: 97.658 Thread 0x000000001bd6c000 1446       4       org.lwjgl.util.glu.Project::gluLookAt (223 bytes)
Event: 97.681 Thread 0x000000001d4b8800 nmethod 1445 0x0000000002c3dc90 code [0x0000000002c3dea0, 0x0000000002c3e958]
Event: 97.681 Thread 0x000000001d4b8800 1447       4       application.swing.SwingControl::updateSwing (22 bytes)
Event: 97.683 Thread 0x000000001d4b8800 nmethod 1447 0x0000000002c16750 code [0x0000000002c168a0, 0x0000000002c16948]
Event: 97.684 Thread 0x000000001bd6c000 nmethod 1446 0x0000000002c3c2d0 code [0x0000000002c3c4e0, 0x0000000002c3cf98]
Event: 114.721 Thread 0x000000001bd6c000 1448       4       org.lwjgl.opengl.Display::sync (5 bytes)
Event: 114.722 Thread 0x000000001bd6c000 nmethod 1448 0x0000000002c26450 code [0x0000000002c265a0, 0x0000000002c26608]
Event: 122.788 Thread 0x000000001d4b8800 1449       4       java.util.concurrent.locks.AbstractQueuedSynchronizer::unparkSuccessor (84 bytes)
Event: 122.791 Thread 0x000000001d4b8800 nmethod 1449 0x0000000002c3bed0 code [0x0000000002c3c020, 0x0000000002c3c148]

GC Heap History (0 events):
No events

Deoptimization events (4 events):
Event: 2.296 Thread 0x00000000026b0800 Uncommon trap: reason=class_check action=maybe_recompile pc=0x00000000029325d8 method=java.lang.String.equals(Ljava/lang/Object;)Z @ 8
Event: 2.298 Thread 0x00000000026b0800 Uncommon trap: reason=class_check action=maybe_recompile pc=0x00000000029325d8 method=java.lang.String.equals(Ljava/lang/Object;)Z @ 8
Event: 2.298 Thread 0x00000000026b0800 Uncommon trap: reason=class_check action=maybe_recompile pc=0x00000000029325d8 method=java.lang.String.equals(Ljava/lang/Object;)Z @ 8
Event: 2.298 Thread 0x00000000026b0800 Uncommon trap: reason=class_check action=maybe_recompile pc=0x00000000029325d8 method=java.lang.String.equals(Ljava/lang/Object;)Z @ 8

Internal exceptions (10 events):
Event: 0.186 Thread 0x00000000026b0800 Exception <a 'java/lang/NoSuchMethodError': Method sun.misc.Unsafe.defineClass(Ljava/lang/String;[BII)Ljava/lang/Class; name or signature does not match> (0x000000076b507ca8) thrown at [C:\re\workspace\8-2-build-windows-amd64-cygwin\jdk8u144\9417\hotspot\
Event: 0.186 Thread 0x00000000026b0800 Exception <a 'java/lang/NoSuchMethodError': Method sun.misc.Unsafe.prefetchRead(Ljava/lang/Object;J)V name or signature does not match> (0x000000076b507f90) thrown at [C:\re\workspace\8-2-build-windows-amd64-cygwin\jdk8u144\9417\hotspot\src\share\vm\prims
Event: 0.906 Thread 0x00000000026b0800 Exception <a 'java/security/PrivilegedActionException'> (0x000000076b5b6dc0) thrown at [C:\re\workspace\8-2-build-windows-amd64-cygwin\jdk8u144\9417\hotspot\src\share\vm\prims\jvm.cpp, line 1390]
Event: 0.906 Thread 0x00000000026b0800 Exception <a 'java/security/PrivilegedActionException'> (0x000000076b5b6fd0) thrown at [C:\re\workspace\8-2-build-windows-amd64-cygwin\jdk8u144\9417\hotspot\src\share\vm\prims\jvm.cpp, line 1390]
Event: 0.911 Thread 0x00000000026b0800 Exception <a 'java/security/PrivilegedActionException'> (0x000000076b5bac40) thrown at [C:\re\workspace\8-2-build-windows-amd64-cygwin\jdk8u144\9417\hotspot\src\share\vm\prims\jvm.cpp, line 1390]
Event: 0.911 Thread 0x00000000026b0800 Exception <a 'java/security/PrivilegedActionException'> (0x000000076b5bae50) thrown at [C:\re\workspace\8-2-build-windows-amd64-cygwin\jdk8u144\9417\hotspot\src\share\vm\prims\jvm.cpp, line 1390]
Event: 0.923 Thread 0x00000000026b0800 Exception <a 'java/io/FileNotFoundException'> (0x000000076b5bd208) thrown at [C:\re\workspace\8-2-build-windows-amd64-cygwin\jdk8u144\9417\hotspot\src\share\vm\prims\jni.cpp, line 709]
Event: 1.060 Thread 0x00000000026b0800 Exception <a 'java/lang/NoSuchFieldError': method resolution failed> (0x000000076b7d22b0) thrown at [C:\re\workspace\8-2-build-windows-amd64-cygwin\jdk8u144\9417\hotspot\src\share\vm\prims\methodHandles.cpp, line 1146]
Event: 1.068 Thread 0x00000000026b0800 Exception <a 'java/lang/NoSuchFieldError': method resolution failed> (0x000000076b7df680) thrown at [C:\re\workspace\8-2-build-windows-amd64-cygwin\jdk8u144\9417\hotspot\src\share\vm\prims\methodHandles.cpp, line 1146]
Event: 1.200 Thread 0x00000000026b0800 Exception <a 'java/io/FileNotFoundException'> (0x000000076b873220) thrown at [C:\re\workspace\8-2-build-windows-amd64-cygwin\jdk8u144\9417\hotspot\src\share\vm\prims\jni.cpp, line 709]

Events (10 events):
Event: 12.931 loading class console/Command
Event: 12.931 loading class console/Command done
Event: 12.932 loading class java/lang/SecurityException
Event: 12.932 loading class java/lang/SecurityException done
Event: 12.933 loading class console/CommandType
Event: 12.933 loading class console/CommandType done
Event: 28.166 loading class java/security/DomainCombiner
Event: 28.166 loading class java/security/DomainCombiner done
Event: 73.096 loading class sun/awt/EventQueueDelegate$Delegate
Event: 73.096 loading class sun/awt/EventQueueDelegate$Delegate done


Dynamic libraries:
0x00007ff623bc0000 - 0x00007ff623bf7000 	C:\Program Files\Java\jre1.8.0_144\bin\javaw.exe
0x00007ff8d9140000 - 0x00007ff8d9321000 	C:\WINDOWS\SYSTEM32\ntdll.dll
0x00007ff8d73a0000 - 0x00007ff8d7452000 	C:\WINDOWS\System32\KERNEL32.DLL
0x00007ff8d5e70000 - 0x00007ff8d60e3000 	C:\WINDOWS\System32\KERNELBASE.dll
0x00007ff8d6ad0000 - 0x00007ff8d6b71000 	C:\WINDOWS\System32\ADVAPI32.dll
0x00007ff8d6fd0000 - 0x00007ff8d706e000 	C:\WINDOWS\System32\msvcrt.dll
0x00007ff8d6d30000 - 0x00007ff8d6d8b000 	C:\WINDOWS\System32\sechost.dll
0x00007ff8d7270000 - 0x00007ff8d7394000 	C:\WINDOWS\System32\RPCRT4.dll
0x00007ff8d7b40000 - 0x00007ff8d7cd0000 	C:\WINDOWS\System32\USER32.dll
0x00007ff8d63c0000 - 0x00007ff8d63e0000 	C:\WINDOWS\System32\win32u.dll
0x00007ff8d69b0000 - 0x00007ff8d69d8000 	C:\WINDOWS\System32\GDI32.dll
0x00007ff8d5cd0000 - 0x00007ff8d5e62000 	C:\WINDOWS\System32\gdi32full.dll
0x00007ff8d6150000 - 0x00007ff8d61ef000 	C:\WINDOWS\System32\msvcp_win.dll
0x00007ff8d62c0000 - 0x00007ff8d63ba000 	C:\WINDOWS\System32\ucrtbase.dll
0x00007ff8c02a0000 - 0x00007ff8c0509000 	C:\WINDOWS\WinSxS\amd64_microsoft.windows.common-controls_6595b64144ccf1df_6.0.17134.523_none_fb409dd930672a56\COMCTL32.dll
0x00007ff8d6680000 - 0x00007ff8d69a2000 	C:\WINDOWS\System32\combase.dll
0x00007ff8d6240000 - 0x00007ff8d62ba000 	C:\WINDOWS\System32\bcryptPrimitives.dll
0x00007ff8d65d0000 - 0x00007ff8d65fd000 	C:\WINDOWS\System32\IMM32.DLL
0x00000000518c0000 - 0x0000000051992000 	C:\Program Files\Java\jre1.8.0_144\bin\msvcr100.dll
0x00000000519a0000 - 0x000000005223d000 	C:\Program Files\Java\jre1.8.0_144\bin\server\jvm.dll
0x00007ff8d6fc0000 - 0x00007ff8d6fc8000 	C:\WINDOWS\System32\PSAPI.DLL
0x00007ff8cc9d0000 - 0x00007ff8cc9d9000 	C:\WINDOWS\SYSTEM32\WSOCK32.dll
0x00007ff8d6bf0000 - 0x00007ff8d6c5c000 	C:\WINDOWS\System32\WS2_32.dll
0x00007ff8c1580000 - 0x00007ff8c158a000 	C:\WINDOWS\SYSTEM32\VERSION.dll
0x00007ff8d2b50000 - 0x00007ff8d2b73000 	C:\WINDOWS\SYSTEM32\WINMM.dll
0x00007ff8d2b20000 - 0x00007ff8d2b4a000 	C:\WINDOWS\SYSTEM32\WINMMBASE.dll
0x00007ff8d61f0000 - 0x00007ff8d6239000 	C:\WINDOWS\System32\cfgmgr32.dll
0x00000000518b0000 - 0x00000000518bf000 	C:\Program Files\Java\jre1.8.0_144\bin\verify.dll
0x0000000051880000 - 0x00000000518a9000 	C:\Program Files\Java\jre1.8.0_144\bin\java.dll
0x0000000051860000 - 0x0000000051876000 	C:\Program Files\Java\jre1.8.0_144\bin\zip.dll
0x00007ff8d7cd0000 - 0x00007ff8d9110000 	C:\WINDOWS\System32\SHELL32.dll
0x00007ff8d6f10000 - 0x00007ff8d6fb9000 	C:\WINDOWS\System32\shcore.dll
0x00007ff8d5510000 - 0x00007ff8d5c1d000 	C:\WINDOWS\System32\windows.storage.dll
0x00007ff8d74d0000 - 0x00007ff8d7521000 	C:\WINDOWS\System32\shlwapi.dll
0x00007ff8d54d0000 - 0x00007ff8d54e1000 	C:\WINDOWS\System32\kernel.appcore.dll
0x00007ff8d54f0000 - 0x00007ff8d550f000 	C:\WINDOWS\System32\profapi.dll
0x00007ff8d5460000 - 0x00007ff8d54ac000 	C:\WINDOWS\System32\powrprof.dll
0x00007ff8d5450000 - 0x00007ff8d545a000 	C:\WINDOWS\System32\FLTLIB.DLL
0x0000000051630000 - 0x00000000517c8000 	C:\Program Files\Java\jre1.8.0_144\bin\awt.dll
0x00007ff8d6c60000 - 0x00007ff8d6d22000 	C:\WINDOWS\System32\OLEAUT32.dll
0x00007ff8d31f0000 - 0x00007ff8d327b000 	C:\WINDOWS\SYSTEM32\apphelp.dll
0x00007ff8d3600000 - 0x00007ff8d3629000 	C:\WINDOWS\system32\DWMAPI.DLL
0x00007ff8d3370000 - 0x00007ff8d3408000 	C:\WINDOWS\system32\uxtheme.dll
0x00007ff8a5b50000 - 0x00007ff8a5c70000 	C:\WINDOWS\system32\opengl32.dll
0x00007ff8b2b60000 - 0x00007ff8b2b8c000 	C:\WINDOWS\SYSTEM32\GLU32.dll
0x00007ff8d6d90000 - 0x00007ff8d6f03000 	C:\WINDOWS\System32\MSCTF.dll
0x00007ff8d7070000 - 0x00007ff8d71c1000 	C:\WINDOWS\System32\ole32.dll
0x00000000515e0000 - 0x0000000051627000 	C:\Program Files\Java\jre1.8.0_144\bin\fontmanager.dll
0x00007ff8c6f20000 - 0x00007ff8c6fb6000 	C:\WINDOWS\System32\TextInputFramework.dll
0x00007ff8d2f30000 - 0x00007ff8d300a000 	C:\WINDOWS\System32\CoreMessaging.dll
0x00007ff8d0a40000 - 0x00007ff8d0d5e000 	C:\WINDOWS\System32\CoreUIComponents.dll
0x00007ff8d4540000 - 0x00007ff8d4571000 	C:\WINDOWS\SYSTEM32\ntmarta.dll
0x00007ff8d08f0000 - 0x00007ff8d0a3d000 	C:\WINDOWS\SYSTEM32\wintypes.dll
0x00007ff8c3270000 - 0x00007ff8c32db000 	C:\WINDOWS\system32\Oleacc.dll
0x00007ff8d71d0000 - 0x00007ff8d7270000 	C:\WINDOWS\System32\clbcatq.dll
0x00007ff8ba100000 - 0x00007ff8ba1d1000 	C:\Windows\System32\IME\IMEKR\imkrtip.dll
0x00007ff8d3f80000 - 0x00007ff8d4134000 	C:\WINDOWS\SYSTEM32\PROPSYS.dll
0x00007ff8b9fa0000 - 0x00007ff8ba0f6000 	C:\Windows\System32\IME\shared\imetip.dll
0x00007ff8ae960000 - 0x00007ff8aeb0b000 	C:\WINDOWS\SYSTEM32\DUI70.dll
0x00007ff8c6250000 - 0x00007ff8c628d000 	C:\Windows\System32\IME\IMEKR\imkrapi.dll
0x00007ff8c6210000 - 0x00007ff8c6250000 	C:\Windows\System32\IME\shared\imjkapi.dll
0x0000000051840000 - 0x000000005185a000 	C:\Program Files\Java\jre1.8.0_144\bin\net.dll
0x00007ff8d4cd0000 - 0x00007ff8d4d36000 	C:\WINDOWS\system32\mswsock.dll
0x0000000051820000 - 0x0000000051831000 	C:\Program Files\Java\jre1.8.0_144\bin\nio.dll
0x0000000051590000 - 0x00000000515d2000 	C:\Program Files\Java\jre1.8.0_144\bin\t2k.dll
0x00007ff8d1070000 - 0x00007ff8d121e000 	C:\WINDOWS\SYSTEM32\WindowsCodecs.dll
0x00007ff8cb8a0000 - 0x00007ff8cb8f8000 	C:\WINDOWS\system32\dataexchange.dll
0x00007ff8d1a50000 - 0x00007ff8d1d5b000 	C:\WINDOWS\system32\d3d11.dll
0x00007ff8d2950000 - 0x00007ff8d2aec000 	C:\WINDOWS\system32\dcomp.dll
0x00007ff8d4210000 - 0x00007ff8d42cb000 	C:\WINDOWS\system32\dxgi.dll
0x00007ff8d3790000 - 0x00007ff8d3948000 	C:\WINDOWS\system32\twinapi.appcore.dll
0x00007ff8d3710000 - 0x00007ff8d3731000 	C:\WINDOWS\system32\RMCLIENT.dll
0x0000000180000000 - 0x0000000180053000 	C:\Users\tjaso\eclipse-workspace\Map_Editor_VERSION2\lib\windows\lwjgl64.dll
0x0000000051580000 - 0x0000000051587000 	C:\Program Files\Java\jre1.8.0_144\bin\jawt.dll
0x00007ff8915a0000 - 0x00007ff89245f000 	C:\WINDOWS\System32\DriverStore\FileRepository\k127368.inf_amd64_a2c6cbb1c7497dcd\ig9icd64.dll
0x00007ff8d3bc0000 - 0x00007ff8d3bd3000 	C:\WINDOWS\SYSTEM32\WTSAPI32.dll
0x00007ff8ccf90000 - 0x00007ff8ced25000 	C:\WINDOWS\System32\DriverStore\FileRepository\k127368.inf_amd64_a2c6cbb1c7497dcd\igc64.dll
0x00007ff8d3db0000 - 0x00007ff8d3f79000 	C:\WINDOWS\SYSTEM32\dbghelp.dll

VM Arguments:
jvm_args: -Djava.library.path=C:\Users\tjaso\eclipse-workspace\Map_Editor_VERSION2\lib\windows -Dfile.encoding=Cp1252 
java_command: application.GLWindow
java_class_path (initial): C:\Users\tjaso\eclipse-workspace\Map_Editor_VERSION2\bin;C:\Users\tjaso\eclipse-workspace\Map_Editor_VERSION2\lib\ini4j-0.5.4.jar;C:\Users\tjaso\eclipse-workspace\Map_Editor_VERSION2\lib\lwjgl_util.jar;C:\Users\tjaso\eclipse-workspace\Map_Editor_VERSION2\lib\lwjgl.jar;C:\Users\tjaso\eclipse-workspace\Map_Editor_VERSION2\lib\PNGDecoder.jar;C:\Users\tjaso\eclipse-workspace\Map_Editor_VERSION2\lib\slick.jar
Launcher Type: SUN_STANDARD

Environment Variables:
PATH=C:/Program Files/Java/jre1.8.0_144/bin/server;C:/Program Files/Java/jre1.8.0_144/bin;C:/Program Files/Java/jre1.8.0_144/lib/amd64;C:\ProgramData\Oracle\Java\javapath;C:\WINDOWS\system32;C:\WINDOWS;C:\WINDOWS\System32\Wbem;C:\WINDOWS\System32\WindowsPowerShell\v1.0\;C:\WINDOWS\System32\OpenSSH\;C:\Program Files\Intel\WiFi\bin\;C:\Program Files\Common Files\Intel\WirelessCommon\;C:\Program Files\Git\cmd;C:\Program Files\CMake\bin;C:\Users\tjaso\AppData\Local\Microsoft\WindowsApps;;C:\WINDOWS\System32;
USERNAME=tjaso
OS=Windows_NT
PROCESSOR_IDENTIFIER=Intel64 Family 6 Model 142 Stepping 9, GenuineIntel



---------------  S Y S T E M  ---------------

OS: Windows 10.0 , 64 bit Build 17134 (10.0.17134.1)

CPU:total 4 (initial active 4) (2 cores per cpu, 2 threads per core) family 6 model 142 stepping 9, cmov, cx8, fxsr, mmx, sse, sse2, sse3, ssse3, sse4.1, sse4.2, popcnt, avx, avx2, aes, clmul, erms, rtm, 3dnowpref, lzcnt, ht, tsc, tscinvbit, bmi1, bmi2, adx

Memory: 4k page, physical 16646340k(8537676k free), swap 20319584k(1010984k free)

vm_info: Java HotSpot(TM) 64-Bit Server VM (25.144-b01) for windows-amd64 JRE (1.8.0_144-b01), built on Jul 21 2017 21:57:33 by "java_re" with MS VC++ 10.0 (VS2010)

time: Thu Jan 31 15:21:54 2019
elapsed time: 277 seconds (0d 0h 4m 37s)

