#
# A fatal error has been detected by the Java Runtime Environment:
#
#  EXCEPTION_ACCESS_VIOLATION (0xc0000005) at pc=0x00007ff8d915c648, pid=5900, tid=0x0000000000000b08
#
# JRE version: Java(TM) SE Runtime Environment (8.0_144-b01) (build 1.8.0_144-b01)
# Java VM: Java HotSpot(TM) 64-Bit Server VM (25.144-b01 mixed mode windows-amd64 compressed oops)
# Problematic frame:
# C  [ntdll.dll+0x1c648]
#
# Failed to write core dump. Minidumps are not enabled by default on client versions of Windows
#
# If you would like to submit a bug report, please visit:
#   http://bugreport.java.com/bugreport/crash.jsp
#

---------------  T H R E A D  ---------------

Current thread (0x00000000027e0800):  JavaThread "main" [_thread_in_vm, id=2824, stack(0x0000000002660000,0x0000000002760000)]

siginfo: ExceptionCode=0xc0000005, reading address 0xfffffffffffffff8

Registers:
RAX=0x0000000002970150, RBX=0x0000000002970000, RCX=0x0000000000000000, RDX=0x0000000000000099
RSP=0x000000000275edc0, RBP=0x0000000000000000, RSI=0x000000001f437630, RDI=0x0000000000000000
R8 =0x000000000297449c, R9 =0x0000000000000019, R10=0x000000000000001b, R11=0x00007ff8d9258b40
R12=0x0000000002000002, R13=0x0000000002970150, R14=0x000000001f33cfc0, R15=0x0000000002974460
RIP=0x00007ff8d915c648, EFLAGS=0x0000000000010206

Top of Stack: (sp=0x000000000275edc0)
0x000000000275edc0:   0000000002970000 0000000000000000
0x000000000275edd0:   0000000002970150 0000000000000000
0x000000000275ede0:   00000000000003ff 000000000000fb00
0x000000000275edf0:   0000000173f80001 0000000000000000
0x000000000275ee00:   0000000000000000 0000000700000000
0x000000000275ee10:   0000000000000000 0000000000000019
0x000000000275ee20:   0000000000000001 0000000000000099
0x000000000275ee30:   0000000000000099 0000003302987b30
0x000000000275ee40:   000000001f33cfc0 00007ff8d5ec43cc
0x000000000275ee50:   000000001f33cfc0 000000076bba02a0
0x000000000275ee60:   0000000000000099 00000000000003ff
0x000000000275ee70:   000000001b61b8e8 00000000517864cf
0x000000000275ee80:   000000000275ee80 000000001b987001
0x000000000275ee90:   0000000000000000 000000001b987650
0x000000000275eea0:   0000000000000000 00000000029984a0
0x000000000275eeb0:   000000001b61b8e8 000000000275ef28 

Instructions: (pc=0x00007ff8d915c648)
0x00007ff8d915c628:   68 48 85 ff 0f 84 77 06 00 00 48 8d 83 50 01 00
0x00007ff8d915c638:   00 48 3b c7 74 38 83 7b 7c 00 0f 84 df 14 00 00
0x00007ff8d915c648:   8b 4f f8 89 8c 24 78 01 00 00 85 4b 7c 0f 84 c5
0x00007ff8d915c658:   14 00 00 8b 83 88 00 00 00 33 c1 89 84 24 78 01 


Register to memory mapping:

RAX=0x0000000002970150 is an unknown value
RBX=0x0000000002970000 is an unknown value
RCX=0x0000000000000000 is an unknown value
RDX=0x0000000000000099 is an unknown value
RSP=0x000000000275edc0 is pointing into the stack for thread: 0x00000000027e0800
RBP=0x0000000000000000 is an unknown value
RSI=0x000000001f437630 is an unknown value
RDI=0x0000000000000000 is an unknown value
R8 =0x000000000297449c is an unknown value
R9 =0x0000000000000019 is an unknown value
R10=0x000000000000001b is an unknown value
R11=0x00007ff8d9258b40 is an unknown value
R12=0x0000000002000002 is an unknown value
R13=0x0000000002970150 is an unknown value
R14=0x000000001f33cfc0 is an unknown value
R15=0x0000000002974460 is an unknown value


Stack: [0x0000000002660000,0x0000000002760000],  sp=0x000000000275edc0,  free space=1019k
Native frames: (J=compiled Java code, j=interpreted, Vv=VM code, C=native code)

Java frames: (J=compiled Java code, j=interpreted, Vv=VM code)
J 778  sun.misc.Unsafe.allocateMemory(J)J (0 bytes) @ 0x0000000002c3157b [0x0000000002c31540+0x3b]
J 780 C1 java.nio.DirectByteBuffer.<init>(I)V (146 bytes) @ 0x0000000002c329cc [0x0000000002c32480+0x54c]
J 781 C1 org.lwjgl.BufferUtils.createByteBuffer(I)Ljava/nio/ByteBuffer; (11 bytes) @ 0x0000000002c33f9c [0x0000000002c33ea0+0xfc]
j  opengl.GLWindow.grabScreen()V+24
j  opengl.GLWindow.step()V+0
j  opengl.GLControl.step()V+4
j  application.Application.loop()V+9
j  application.Application.main([Ljava/lang/String;)V+29
v  ~StubRoutines::call_stub

---------------  P R O C E S S  ---------------

Java Threads: ( => current thread )
  0x000000001ee92000 JavaThread "LWJGL Timer" daemon [_thread_blocked, id=6644, stack(0x000000002bc70000,0x000000002bd70000)]
  0x000000001ed01000 JavaThread "Image Fetcher 0" daemon [_thread_blocked, id=12028, stack(0x00000000201d0000,0x00000000202d0000)]
  0x000000001dc7d800 JavaThread "AWT-EventQueue-0" [_thread_blocked, id=6600, stack(0x000000001eb90000,0x000000001ec90000)]
  0x000000001dc5c800 JavaThread "AWT-Windows" daemon [_thread_in_native, id=3456, stack(0x000000001e1d0000,0x000000001e2d0000)]
  0x000000001dc5a000 JavaThread "AWT-Shutdown" [_thread_blocked, id=11376, stack(0x000000001e0d0000,0x000000001e1d0000)]
  0x000000001dc58800 JavaThread "Java2D Disposer" daemon [_thread_blocked, id=13388, stack(0x000000001dfd0000,0x000000001e0d0000)]
  0x000000001d8b8800 JavaThread "Service Thread" daemon [_thread_blocked, id=3428, stack(0x000000001dc90000,0x000000001dd90000)]
  0x000000001bf49000 JavaThread "C1 CompilerThread2" daemon [_thread_blocked, id=920, stack(0x000000001d790000,0x000000001d890000)]
  0x000000001bf46000 JavaThread "C2 CompilerThread1" daemon [_thread_blocked, id=14328, stack(0x000000001d690000,0x000000001d790000)]
  0x000000001bf3d000 JavaThread "C2 CompilerThread0" daemon [_thread_blocked, id=5308, stack(0x000000001d590000,0x000000001d690000)]
  0x000000001bf3b800 JavaThread "Attach Listener" daemon [_thread_blocked, id=11696, stack(0x000000001d490000,0x000000001d590000)]
  0x000000001bf3a800 JavaThread "Signal Dispatcher" daemon [_thread_blocked, id=6164, stack(0x000000001d390000,0x000000001d490000)]
  0x00000000028db800 JavaThread "Finalizer" daemon [_thread_blocked, id=4352, stack(0x000000001d1a0000,0x000000001d2a0000)]
  0x00000000028d1000 JavaThread "Reference Handler" daemon [_thread_blocked, id=13264, stack(0x000000001d0a0000,0x000000001d1a0000)]
=>0x00000000027e0800 JavaThread "main" [_thread_in_vm, id=2824, stack(0x0000000002660000,0x0000000002760000)]

Other Threads:
  0x000000001bf07800 VMThread [stack: 0x000000001cfa0000,0x000000001d0a0000] [id=9644]
  0x000000001bf9e000 WatcherThread [stack: 0x000000001dd90000,0x000000001de90000] [id=312]

VM state:not at safepoint (normal execution)

VM Mutex/Monitor currently owned by a thread: None

Heap:
 PSYoungGen      total 141824K, used 127437K [0x000000076b500000, 0x0000000774a00000, 0x00000007c0000000)
  eden space 131072K, 89% used [0x000000076b500000,0x000000077275afb0,0x0000000773500000)
  from space 10752K, 96% used [0x0000000773f80000,0x00000007749986b0,0x0000000774a00000)
  to   space 10752K, 0% used [0x0000000773500000,0x0000000773500000,0x0000000773f80000)
 ParOldGen       total 175104K, used 61714K [0x00000006c1e00000, 0x00000006cc900000, 0x000000076b500000)
  object space 175104K, 35% used [0x00000006c1e00000,0x00000006c5a44ab8,0x00000006cc900000)
 Metaspace       used 14744K, capacity 14949K, committed 15360K, reserved 1062912K
  class space    used 1862K, capacity 1937K, committed 2048K, reserved 1048576K

Card table byte_map: [0x0000000011d40000,0x0000000012540000] byte_map_base: 0x000000000e731000

Marking Bits: (ParMarkBitMap*) 0x0000000051dbd850
 Begin Bits: [0x0000000012e90000, 0x0000000016e18000)
 End Bits:   [0x0000000016e18000, 0x000000001ada0000)

Polling page: 0x0000000000950000

CodeCache: size=245760Kb used=3571Kb max_used=3572Kb free=242188Kb
 bounds [0x0000000002980000, 0x0000000002d00000, 0x0000000011980000]
 total_blobs=1739 nmethods=1131 adapters=520
 compilation: enabled

Compilation events (10 events):
Event: 4.453 Thread 0x000000001bf49000 1127       3       java.awt.EventQueue$4::run (5 bytes)
Event: 4.454 Thread 0x000000001bf49000 nmethod 1127 0x0000000002cf85d0 code [0x0000000002cf87c0, 0x0000000002cf8e98]
Event: 4.454 Thread 0x000000001bf49000 1128       3       java.awt.EventQueue$4::run (19 bytes)
Event: 4.456 Thread 0x000000001bf49000 nmethod 1128 0x0000000002cfeb10 code [0x0000000002cfed00, 0x0000000002cff338]
Event: 4.473 Thread 0x000000001bf49000 1129       3       org.lwjgl.opengl.Sync::getTime (12 bytes)
Event: 4.474 Thread 0x000000001bf49000 nmethod 1129 0x0000000002cf6e10 code [0x0000000002cf6fa0, 0x0000000002cf72e8]
Event: 4.474 Thread 0x000000001bf49000 1130       3       org.lwjgl.Sys::getTime (13 bytes)
Event: 4.474 Thread 0x000000001bf49000 nmethod 1130 0x0000000002cf81d0 code [0x0000000002cf8340, 0x0000000002cf8528]
Event: 4.474 Thread 0x000000001bf49000 1131   !   3       org.lwjgl.opengl.Display::getParent (17 bytes)
Event: 4.474 Thread 0x000000001bf49000 nmethod 1131 0x0000000002cfe650 code [0x0000000002cfe7c0, 0x0000000002cfea30]

GC Heap History (8 events):
Event: 2.621 GC heap before
{Heap before GC invocations=1 (full 0):
 PSYoungGen      total 76288K, used 62494K [0x000000076b500000, 0x0000000770a00000, 0x00000007c0000000)
  eden space 65536K, 95% used [0x000000076b500000,0x000000076f207af0,0x000000076f500000)
  from space 10752K, 0% used [0x000000076ff80000,0x000000076ff80000,0x0000000770a00000)
  to   space 10752K, 0% used [0x000000076f500000,0x000000076f500000,0x000000076ff80000)
 ParOldGen       total 175104K, used 0K [0x00000006c1e00000, 0x00000006cc900000, 0x000000076b500000)
  object space 175104K, 0% used [0x00000006c1e00000,0x00000006c1e00000,0x00000006cc900000)
 Metaspace       used 14502K, capacity 14725K, committed 14976K, reserved 1062912K
  class space    used 1831K, capacity 1905K, committed 1920K, reserved 1048576K
Event: 2.646 GC heap after
Heap after GC invocations=1 (full 0):
 PSYoungGen      total 76288K, used 10744K [0x000000076b500000, 0x0000000770a00000, 0x00000007c0000000)
  eden space 65536K, 0% used [0x000000076b500000,0x000000076b500000,0x000000076f500000)
  from space 10752K, 99% used [0x000000076f500000,0x000000076ff7e3c0,0x000000076ff80000)
  to   space 10752K, 0% used [0x000000076ff80000,0x000000076ff80000,0x0000000770a00000)
 ParOldGen       total 175104K, used 19378K [0x00000006c1e00000, 0x00000006cc900000, 0x000000076b500000)
  object space 175104K, 11% used [0x00000006c1e00000,0x00000006c30ecb50,0x00000006cc900000)
 Metaspace       used 14502K, capacity 14725K, committed 14976K, reserved 1062912K
  class space    used 1831K, capacity 1905K, committed 1920K, reserved 1048576K
}
Event: 3.018 GC heap before
{Heap before GC invocations=2 (full 0):
 PSYoungGen      total 76288K, used 76070K [0x000000076b500000, 0x0000000770a00000, 0x00000007c0000000)
  eden space 65536K, 99% used [0x000000076b500000,0x000000076f4cb478,0x000000076f500000)
  from space 10752K, 99% used [0x000000076f500000,0x000000076ff7e3c0,0x000000076ff80000)
  to   space 10752K, 0% used [0x000000076ff80000,0x000000076ff80000,0x0000000770a00000)
 ParOldGen       total 175104K, used 19378K [0x00000006c1e00000, 0x00000006cc900000, 0x000000076b500000)
  object space 175104K, 11% used [0x00000006c1e00000,0x00000006c30ecb50,0x00000006cc900000)
 Metaspace       used 14519K, capacity 14725K, committed 14976K, reserved 1062912K
  class space    used 1831K, capacity 1905K, committed 1920K, reserved 1048576K
Event: 3.040 GC heap after
Heap after GC invocations=2 (full 0):
 PSYoungGen      total 76288K, used 10321K [0x000000076b500000, 0x0000000774a00000, 0x00000007c0000000)
  eden space 65536K, 0% used [0x000000076b500000,0x000000076b500000,0x000000076f500000)
  from space 10752K, 95% used [0x000000076ff80000,0x00000007709946c0,0x0000000770a00000)
  to   space 10752K, 0% used [0x000000076f500000,0x000000076f500000,0x000000076ff80000)
 ParOldGen       total 175104K, used 38515K [0x00000006c1e00000, 0x00000006cc900000, 0x000000076b500000)
  object space 175104K, 21% used [0x00000006c1e00000,0x00000006c439cf88,0x00000006cc900000)
 Metaspace       used 14519K, capacity 14725K, committed 14976K, reserved 1062912K
  class space    used 1831K, capacity 1905K, committed 1920K, reserved 1048576K
}
Event: 3.383 GC heap before
{Heap before GC invocations=3 (full 0):
 PSYoungGen      total 76288K, used 73651K [0x000000076b500000, 0x0000000774a00000, 0x00000007c0000000)
  eden space 65536K, 96% used [0x000000076b500000,0x000000076f2d85c8,0x000000076f500000)
  from space 10752K, 95% used [0x000000076ff80000,0x00000007709946c0,0x0000000770a00000)
  to   space 10752K, 0% used [0x000000076f500000,0x000000076f500000,0x000000076ff80000)
 ParOldGen       total 175104K, used 38515K [0x00000006c1e00000, 0x00000006cc900000, 0x000000076b500000)
  object space 175104K, 21% used [0x00000006c1e00000,0x00000006c439cf88,0x00000006cc900000)
 Metaspace       used 14679K, capacity 14949K, committed 15360K, reserved 1062912K
  class space    used 1861K, capacity 1937K, committed 2048K, reserved 1048576K
Event: 3.392 GC heap after
Heap after GC invocations=3 (full 0):
 PSYoungGen      total 76288K, used 10353K [0x000000076b500000, 0x0000000774a00000, 0x00000007c0000000)
  eden space 65536K, 0% used [0x000000076b500000,0x000000076b500000,0x000000076f500000)
  from space 10752K, 96% used [0x000000076f500000,0x000000076ff1c6a0,0x000000076ff80000)
  to   space 10752K, 0% used [0x0000000773f80000,0x0000000773f80000,0x0000000774a00000)
 ParOldGen       total 175104K, used 42577K [0x00000006c1e00000, 0x00000006cc900000, 0x000000076b500000)
  object space 175104K, 24% used [0x00000006c1e00000,0x00000006c4794680,0x00000006cc900000)
 Metaspace       used 14679K, capacity 14949K, committed 15360K, reserved 1062912K
  class space    used 1861K, capacity 1937K, committed 2048K, reserved 1048576K
}
Event: 3.737 GC heap before
{Heap before GC invocations=4 (full 0):
 PSYoungGen      total 76288K, used 73241K [0x000000076b500000, 0x0000000774a00000, 0x00000007c0000000)
  eden space 65536K, 95% used [0x000000076b500000,0x000000076f269d80,0x000000076f500000)
  from space 10752K, 96% used [0x000000076f500000,0x000000076ff1c6a0,0x000000076ff80000)
  to   space 10752K, 0% used [0x0000000773f80000,0x0000000773f80000,0x0000000774a00000)
 ParOldGen       total 175104K, used 42577K [0x00000006c1e00000, 0x00000006cc900000, 0x000000076b500000)
  object space 175104K, 24% used [0x00000006c1e00000,0x00000006c4794680,0x00000006cc900000)
 Metaspace       used 14699K, capacity 14949K, committed 15360K, reserved 1062912K
  class space    used 1861K, capacity 1937K, committed 2048K, reserved 1048576K
Event: 3.758 GC heap after
Heap after GC invocations=4 (full 0):
 PSYoungGen      total 141824K, used 10337K [0x000000076b500000, 0x0000000774a00000, 0x00000007c0000000)
  eden space 131072K, 0% used [0x000000076b500000,0x000000076b500000,0x0000000773500000)
  from space 10752K, 96% used [0x0000000773f80000,0x00000007749986b0,0x0000000774a00000)
  to   space 10752K, 0% used [0x0000000773500000,0x0000000773500000,0x0000000773f80000)
 ParOldGen       total 175104K, used 61714K [0x00000006c1e00000, 0x00000006cc900000, 0x000000076b500000)
  object space 175104K, 35% used [0x00000006c1e00000,0x00000006c5a44ab8,0x00000006cc900000)
 Metaspace       used 14699K, capacity 14949K, committed 15360K, reserved 1062912K
  class space    used 1861K, capacity 1937K, committed 2048K, reserved 1048576K
}

Deoptimization events (7 events):
Event: 0.492 Thread 0x00000000027e0800 Uncommon trap: reason=null_check action=make_not_entrant pc=0x0000000002af051c method=java.lang.String.equals(Ljava/lang/Object;)Z @ 8
Event: 1.175 Thread 0x00000000027e0800 Uncommon trap: reason=class_check action=maybe_recompile pc=0x0000000002b07cd8 method=java.lang.String.equals(Ljava/lang/Object;)Z @ 8
Event: 1.176 Thread 0x00000000027e0800 Uncommon trap: reason=class_check action=maybe_recompile pc=0x0000000002b07cd8 method=java.lang.String.equals(Ljava/lang/Object;)Z @ 8
Event: 1.176 Thread 0x00000000027e0800 Uncommon trap: reason=class_check action=maybe_recompile pc=0x0000000002b07cd8 method=java.lang.String.equals(Ljava/lang/Object;)Z @ 8
Event: 1.176 Thread 0x00000000027e0800 Uncommon trap: reason=class_check action=maybe_recompile pc=0x0000000002b07cd8 method=java.lang.String.equals(Ljava/lang/Object;)Z @ 8
Event: 1.861 Thread 0x00000000027e0800 Uncommon trap: reason=bimorphic action=maybe_recompile pc=0x0000000002ba52f4 method=java.util.HashMap.getNode(ILjava/lang/Object;)Ljava/util/HashMap$Node; @ 126
Event: 1.862 Thread 0x00000000027e0800 Uncommon trap: reason=bimorphic action=maybe_recompile pc=0x0000000002ba52f4 method=java.util.HashMap.getNode(ILjava/lang/Object;)Ljava/util/HashMap$Node; @ 126

Internal exceptions (10 events):
Event: 0.092 Thread 0x00000000027e0800 Exception <a 'java/lang/NoSuchMethodError': Method sun.misc.Unsafe.prefetchRead(Ljava/lang/Object;J)V name or signature does not match> (0x000000076b507f90) thrown at [C:\re\workspace\8-2-build-windows-amd64-cygwin\jdk8u144\9417\hotspot\src\share\vm\prims
Event: 0.286 Thread 0x00000000027e0800 Exception <a 'java/security/PrivilegedActionException'> (0x000000076b598f88) thrown at [C:\re\workspace\8-2-build-windows-amd64-cygwin\jdk8u144\9417\hotspot\src\share\vm\prims\jvm.cpp, line 1390]
Event: 0.286 Thread 0x00000000027e0800 Exception <a 'java/security/PrivilegedActionException'> (0x000000076b599198) thrown at [C:\re\workspace\8-2-build-windows-amd64-cygwin\jdk8u144\9417\hotspot\src\share\vm\prims\jvm.cpp, line 1390]
Event: 0.288 Thread 0x00000000027e0800 Exception <a 'java/security/PrivilegedActionException'> (0x000000076b59ce08) thrown at [C:\re\workspace\8-2-build-windows-amd64-cygwin\jdk8u144\9417\hotspot\src\share\vm\prims\jvm.cpp, line 1390]
Event: 0.288 Thread 0x00000000027e0800 Exception <a 'java/security/PrivilegedActionException'> (0x000000076b59d018) thrown at [C:\re\workspace\8-2-build-windows-amd64-cygwin\jdk8u144\9417\hotspot\src\share\vm\prims\jvm.cpp, line 1390]
Event: 0.297 Thread 0x00000000027e0800 Exception <a 'java/io/FileNotFoundException'> (0x000000076b59f530) thrown at [C:\re\workspace\8-2-build-windows-amd64-cygwin\jdk8u144\9417\hotspot\src\share\vm\prims\jni.cpp, line 709]
Event: 0.365 Thread 0x00000000027e0800 Exception <a 'java/lang/NoSuchFieldError': method resolution failed> (0x000000076b7b4758) thrown at [C:\re\workspace\8-2-build-windows-amd64-cygwin\jdk8u144\9417\hotspot\src\share\vm\prims\methodHandles.cpp, line 1146]
Event: 0.368 Thread 0x00000000027e0800 Exception <a 'java/lang/NoSuchFieldError': method resolution failed> (0x000000076b7c1b28) thrown at [C:\re\workspace\8-2-build-windows-amd64-cygwin\jdk8u144\9417\hotspot\src\share\vm\prims\methodHandles.cpp, line 1146]
Event: 0.442 Thread 0x00000000027e0800 Exception <a 'java/io/FileNotFoundException'> (0x000000076b855758) thrown at [C:\re\workspace\8-2-build-windows-amd64-cygwin\jdk8u144\9417\hotspot\src\share\vm\prims\jni.cpp, line 709]
Event: 0.492 Thread 0x00000000027e0800 Implicit null exception at 0x0000000002af0326 to 0x0000000002af050d

Events (10 events):
Event: 3.383 Executing VM operation: ParallelGCFailedAllocation
Event: 3.392 Executing VM operation: ParallelGCFailedAllocation done
Event: 3.737 Executing VM operation: ParallelGCFailedAllocation
Event: 3.758 Executing VM operation: ParallelGCFailedAllocation done
Event: 4.271 Executing VM operation: EnableBiasedLocking
Event: 4.272 Executing VM operation: EnableBiasedLocking done
Event: 4.381 loading class javax/swing/plaf/basic/BasicMenuItemUI$Actions
Event: 4.381 loading class javax/swing/plaf/basic/BasicMenuItemUI$Actions done
Event: 4.382 loading class com/sun/java/swing/plaf/windows/WindowsLookAndFeel$AudioAction
Event: 4.382 loading class com/sun/java/swing/plaf/windows/WindowsLookAndFeel$AudioAction done


Dynamic libraries:
0x00007ff740df0000 - 0x00007ff740e27000 	C:\Program Files\Java\jre1.8.0_144\bin\javaw.exe
0x00007ff8d9140000 - 0x00007ff8d9321000 	C:\WINDOWS\SYSTEM32\ntdll.dll
0x00007ff8d73a0000 - 0x00007ff8d7452000 	C:\WINDOWS\System32\KERNEL32.DLL
0x00007ff8d5e70000 - 0x00007ff8d60e3000 	C:\WINDOWS\System32\KERNELBASE.dll
0x00007ff8d6ad0000 - 0x00007ff8d6b71000 	C:\WINDOWS\System32\ADVAPI32.dll
0x00007ff8d6fd0000 - 0x00007ff8d706e000 	C:\WINDOWS\System32\msvcrt.dll
0x00007ff8d6d30000 - 0x00007ff8d6d8b000 	C:\WINDOWS\System32\sechost.dll
0x00007ff8d7270000 - 0x00007ff8d7394000 	C:\WINDOWS\System32\RPCRT4.dll
0x00007ff8d7b40000 - 0x00007ff8d7cd0000 	C:\WINDOWS\System32\USER32.dll
0x00007ff8d63c0000 - 0x00007ff8d63e0000 	C:\WINDOWS\System32\win32u.dll
0x00007ff8d69b0000 - 0x00007ff8d69d8000 	C:\WINDOWS\System32\GDI32.dll
0x00007ff8d5cd0000 - 0x00007ff8d5e62000 	C:\WINDOWS\System32\gdi32full.dll
0x00007ff8d6150000 - 0x00007ff8d61ef000 	C:\WINDOWS\System32\msvcp_win.dll
0x00007ff8d62c0000 - 0x00007ff8d63ba000 	C:\WINDOWS\System32\ucrtbase.dll
0x00007ff8c02a0000 - 0x00007ff8c0509000 	C:\WINDOWS\WinSxS\amd64_microsoft.windows.common-controls_6595b64144ccf1df_6.0.17134.523_none_fb409dd930672a56\COMCTL32.dll
0x00007ff8d6680000 - 0x00007ff8d69a2000 	C:\WINDOWS\System32\combase.dll
0x00007ff8d6240000 - 0x00007ff8d62ba000 	C:\WINDOWS\System32\bcryptPrimitives.dll
0x00007ff8d65d0000 - 0x00007ff8d65fd000 	C:\WINDOWS\System32\IMM32.DLL
0x00000000514c0000 - 0x0000000051592000 	C:\Program Files\Java\jre1.8.0_144\bin\msvcr100.dll
0x00000000515a0000 - 0x0000000051e3d000 	C:\Program Files\Java\jre1.8.0_144\bin\server\jvm.dll
0x00007ff8d6fc0000 - 0x00007ff8d6fc8000 	C:\WINDOWS\System32\PSAPI.DLL
0x00007ff8c1580000 - 0x00007ff8c158a000 	C:\WINDOWS\SYSTEM32\VERSION.dll
0x00007ff8d3010000 - 0x00007ff8d3019000 	C:\WINDOWS\SYSTEM32\WSOCK32.dll
0x00007ff8d2b50000 - 0x00007ff8d2b73000 	C:\WINDOWS\SYSTEM32\WINMM.dll
0x00007ff8d6bf0000 - 0x00007ff8d6c5c000 	C:\WINDOWS\System32\WS2_32.dll
0x00007ff8d2b20000 - 0x00007ff8d2b4a000 	C:\WINDOWS\SYSTEM32\WINMMBASE.dll
0x00007ff8d61f0000 - 0x00007ff8d6239000 	C:\WINDOWS\System32\cfgmgr32.dll
0x00000000514b0000 - 0x00000000514bf000 	C:\Program Files\Java\jre1.8.0_144\bin\verify.dll
0x0000000051480000 - 0x00000000514a9000 	C:\Program Files\Java\jre1.8.0_144\bin\java.dll
0x0000000051460000 - 0x0000000051476000 	C:\Program Files\Java\jre1.8.0_144\bin\zip.dll
0x00007ff8d7cd0000 - 0x00007ff8d9110000 	C:\WINDOWS\System32\SHELL32.dll
0x00007ff8d6f10000 - 0x00007ff8d6fb9000 	C:\WINDOWS\System32\shcore.dll
0x00007ff8d5510000 - 0x00007ff8d5c1d000 	C:\WINDOWS\System32\windows.storage.dll
0x00007ff8d74d0000 - 0x00007ff8d7521000 	C:\WINDOWS\System32\shlwapi.dll
0x00007ff8d54d0000 - 0x00007ff8d54e1000 	C:\WINDOWS\System32\kernel.appcore.dll
0x00007ff8d54f0000 - 0x00007ff8d550f000 	C:\WINDOWS\System32\profapi.dll
0x00007ff8d5460000 - 0x00007ff8d54ac000 	C:\WINDOWS\System32\powrprof.dll
0x00007ff8d5450000 - 0x00007ff8d545a000 	C:\WINDOWS\System32\FLTLIB.DLL
0x0000000051230000 - 0x00000000513c8000 	C:\Program Files\Java\jre1.8.0_144\bin\awt.dll
0x00007ff8d6c60000 - 0x00007ff8d6d22000 	C:\WINDOWS\System32\OLEAUT32.dll
0x00007ff8d31f0000 - 0x00007ff8d327b000 	C:\WINDOWS\SYSTEM32\apphelp.dll
0x00007ff8d3600000 - 0x00007ff8d3629000 	C:\WINDOWS\system32\DWMAPI.DLL
0x00007ff8d3370000 - 0x00007ff8d3408000 	C:\WINDOWS\system32\uxtheme.dll
0x00007ff8ac6a0000 - 0x00007ff8ac7c0000 	C:\WINDOWS\system32\opengl32.dll
0x00007ff8ba540000 - 0x00007ff8ba56c000 	C:\WINDOWS\SYSTEM32\GLU32.dll
0x00007ff8d6d90000 - 0x00007ff8d6f03000 	C:\WINDOWS\System32\MSCTF.dll
0x00007ff8d7070000 - 0x00007ff8d71c1000 	C:\WINDOWS\System32\ole32.dll
0x00000000511e0000 - 0x0000000051227000 	C:\Program Files\Java\jre1.8.0_144\bin\fontmanager.dll
0x0000000051440000 - 0x000000005145a000 	C:\Program Files\Java\jre1.8.0_144\bin\net.dll
0x00007ff8d4cd0000 - 0x00007ff8d4d36000 	C:\WINDOWS\system32\mswsock.dll
0x0000000051420000 - 0x0000000051431000 	C:\Program Files\Java\jre1.8.0_144\bin\nio.dll
0x0000000051190000 - 0x00000000511d2000 	C:\Program Files\Java\jre1.8.0_144\bin\t2k.dll
0x00007ff8c6f20000 - 0x00007ff8c6fb6000 	C:\WINDOWS\System32\TextInputFramework.dll
0x00007ff8d0a40000 - 0x00007ff8d0d5e000 	C:\WINDOWS\System32\CoreUIComponents.dll
0x00007ff8d2f30000 - 0x00007ff8d300a000 	C:\WINDOWS\System32\CoreMessaging.dll
0x00007ff8d4540000 - 0x00007ff8d4571000 	C:\WINDOWS\SYSTEM32\ntmarta.dll
0x00007ff8d08f0000 - 0x00007ff8d0a3d000 	C:\WINDOWS\SYSTEM32\wintypes.dll
0x00007ff8c3270000 - 0x00007ff8c32db000 	C:\WINDOWS\system32\Oleacc.dll
0x00007ff8d71d0000 - 0x00007ff8d7270000 	C:\WINDOWS\System32\clbcatq.dll
0x00007ff8d1070000 - 0x00007ff8d121e000 	C:\WINDOWS\SYSTEM32\WindowsCodecs.dll
0x00007ff8cb4b0000 - 0x00007ff8cb508000 	C:\WINDOWS\system32\dataexchange.dll
0x00007ff8d1a50000 - 0x00007ff8d1d5b000 	C:\WINDOWS\system32\d3d11.dll
0x00007ff8d2950000 - 0x00007ff8d2aec000 	C:\WINDOWS\system32\dcomp.dll
0x00007ff8d4210000 - 0x00007ff8d42cb000 	C:\WINDOWS\system32\dxgi.dll
0x00007ff8d3790000 - 0x00007ff8d3948000 	C:\WINDOWS\system32\twinapi.appcore.dll
0x00007ff8d3710000 - 0x00007ff8d3731000 	C:\WINDOWS\system32\RMCLIENT.dll
0x0000000180000000 - 0x0000000180053000 	C:\Users\tjaso\eclipse-workspace\Map_Editor_VERSION2\lib\windows\lwjgl64.dll
0x00007ff89dcc0000 - 0x00007ff89eb7f000 	C:\WINDOWS\System32\DriverStore\FileRepository\k127368.inf_amd64_a2c6cbb1c7497dcd\ig9icd64.dll
0x00007ff8d3bc0000 - 0x00007ff8d3bd3000 	C:\WINDOWS\SYSTEM32\WTSAPI32.dll
0x00007ff8bba00000 - 0x00007ff8bbaa8000 	C:\WINDOWS\SYSTEM32\mscms.dll
0x00007ff8d5350000 - 0x00007ff8d5378000 	C:\WINDOWS\SYSTEM32\USERENV.dll
0x00007ff8cc9e0000 - 0x00007ff8cc9f0000 	C:\WINDOWS\SYSTEM32\ColorAdapterClient.dll
0x00007ff8c7450000 - 0x00007ff8c7493000 	C:\WINDOWS\SYSTEM32\icm32.dll
0x00007ff8ccf90000 - 0x00007ff8ced25000 	C:\WINDOWS\System32\DriverStore\FileRepository\k127368.inf_amd64_a2c6cbb1c7497dcd\igc64.dll
0x0000000051180000 - 0x0000000051187000 	C:\Program Files\Java\jre1.8.0_144\bin\jawt.dll
0x00007ff8d3db0000 - 0x00007ff8d3f79000 	C:\WINDOWS\SYSTEM32\dbghelp.dll

VM Arguments:
jvm_args: -Djava.library.path=C:\Users\tjaso\eclipse-workspace\Map_Editor_VERSION2\lib\windows -Dfile.encoding=Cp1252 
java_command: application.Application
java_class_path (initial): C:\Users\tjaso\eclipse-workspace\Map_Editor_VERSION2\bin;C:\Users\tjaso\eclipse-workspace\Map_Editor_VERSION2\lib\ini4j-0.5.4.jar;C:\Users\tjaso\eclipse-workspace\Map_Editor_VERSION2\lib\lwjgl_util.jar;C:\Users\tjaso\eclipse-workspace\Map_Editor_VERSION2\lib\lwjgl.jar;C:\Users\tjaso\eclipse-workspace\Map_Editor_VERSION2\lib\PNGDecoder.jar;C:\Users\tjaso\eclipse-workspace\Map_Editor_VERSION2\lib\slick.jar
Launcher Type: SUN_STANDARD

Environment Variables:
PATH=C:/Program Files/Java/jre1.8.0_144/bin/server;C:/Program Files/Java/jre1.8.0_144/bin;C:/Program Files/Java/jre1.8.0_144/lib/amd64;C:\ProgramData\Oracle\Java\javapath;C:\WINDOWS\system32;C:\WINDOWS;C:\WINDOWS\System32\Wbem;C:\WINDOWS\System32\WindowsPowerShell\v1.0\;C:\WINDOWS\System32\OpenSSH\;C:\Program Files\Intel\WiFi\bin\;C:\Program Files\Common Files\Intel\WirelessCommon\;C:\Program Files\Git\cmd;C:\Program Files\CMake\bin;C:\Users\tjaso\AppData\Local\Microsoft\WindowsApps;;C:\WINDOWS\System32;
USERNAME=tjaso
OS=Windows_NT
PROCESSOR_IDENTIFIER=Intel64 Family 6 Model 142 Stepping 9, GenuineIntel



---------------  S Y S T E M  ---------------

OS: