#
# A fatal error has been detected by the Java Runtime Environment:
#
#  EXCEPTION_ACCESS_VIOLATION (0xc0000005) at pc=0x00007ff8d915c648, pid=500, tid=0x0000000000001828
#
# JRE version: Java(TM) SE Runtime Environment (8.0_144-b01) (build 1.8.0_144-b01)
# Java VM: Java HotSpot(TM) 64-Bit Server VM (25.144-b01 mixed mode windows-amd64 compressed oops)
# Problematic frame:
# C  [ntdll.dll+0x1c648]
#
# Failed to write core dump. Minidumps are not enabled by default on client versions of Windows
#
# If you would like to submit a bug report, please visit:
#   http://bugreport.java.com/bugreport/crash.jsp
#

---------------  T H R E A D  ---------------

Current thread (0x0000000003030800):  JavaThread "main" [_thread_in_vm, id=6184, stack(0x0000000002ee0000,0x0000000002fe0000)]

siginfo: ExceptionCode=0xc0000005, reading address 0xfffffffffffffff8

Registers:
RAX=0x00000000031e0150, RBX=0x00000000031e0000, RCX=0x0000000000000000, RDX=0x00000000000000a5
RSP=0x0000000002fdefc0, RBP=0x0000000000000000, RSI=0x000000001fd3d570, RDI=0x0000000000000000
R8 =0x00000000031e44f8, R9 =0x0000000000000005, R10=0x000000000000001b, R11=0x00007ff8d9258b40
R12=0x0000000002000002, R13=0x00000000031e0150, R14=0x000000001fc42f00, R15=0x00000000031e4460
RIP=0x00007ff8d915c648, EFLAGS=0x0000000000010206

Top of Stack: (sp=0x0000000002fdefc0)
0x0000000002fdefc0:   00000000031e0000 0000000000000000
0x0000000002fdefd0:   00000000031e0150 0000000000000000
0x0000000002fdefe0:   00000000000003ff 000000000000fb0c
0x0000000002fdeff0:   0000000100000001 0000000000000000
0x0000000002fdf000:   0000000000000000 00007ff800000000
0x0000000002fdf010:   0000000000000000 0000000000000025
0x0000000002fdf020:   0000000000000001 00000000000000a5
0x0000000002fdf030:   00000000000000a5 0000031d00000000
0x0000000002fdf040:   000000001fc42f00 00007ff8d2f3cc08
0x0000000002fdf050:   000000001fc42f00 0000000000000000
0x0000000002fdf060:   00000000000000a5 00000000000003ff
0x0000000002fdf070:   0000000000000001 00007ff8d7b57042
0x0000000002fdf080:   0000000000000001 0000000000000001
0x0000000002fdf090:   0000000000000000 0000000080007811
0x0000000002fdf0a0:   0000000000000000 00007ff89dcdbe68
0x0000000002fdf0b0:   0000000000000001 0000000000000000 

Instructions: (pc=0x00007ff8d915c648)
0x00007ff8d915c628:   68 48 85 ff 0f 84 77 06 00 00 48 8d 83 50 01 00
0x00007ff8d915c638:   00 48 3b c7 74 38 83 7b 7c 00 0f 84 df 14 00 00
0x00007ff8d915c648:   8b 4f f8 89 8c 24 78 01 00 00 85 4b 7c 0f 84 c5
0x00007ff8d915c658:   14 00 00 8b 83 88 00 00 00 33 c1 89 84 24 78 01 


Register to memory mapping:

RAX=0x00000000031e0150 is an unknown value
RBX=0x00000000031e0000 is an unknown value
RCX=0x0000000000000000 is an unknown value
RDX=0x00000000000000a5 is an unknown value
RSP=0x0000000002fdefc0 is pointing into the stack for thread: 0x0000000003030800
RBP=0x0000000000000000 is an unknown value
RSI=0x000000001fd3d570 is an unknown value
RDI=0x0000000000000000 is an unknown value
R8 =0x00000000031e44f8 is an unknown value
R9 =0x0000000000000005 is an unknown value
R10=0x000000000000001b is an unknown value
R11=0x00007ff8d9258b40 is an unknown value
R12=0x0000000002000002 is an unknown value
R13=0x00000000031e0150 is an unknown value
R14=0x000000001fc42f00 is an unknown value
R15=0x00000000031e4460 is an unknown value


Stack: [0x0000000002ee0000,0x0000000002fe0000],  sp=0x0000000002fdefc0,  free space=1019k
Native frames: (J=compiled Java code, j=interpreted, Vv=VM code, C=native code)

Java frames: (J=compiled Java code, j=interpreted, Vv=VM code)
J 791  sun.misc.Unsafe.allocateMemory(J)J (0 bytes) @ 0x00000000034a6abb [0x00000000034a6a80+0x3b]
J 803 C1 java.nio.DirectByteBuffer.<init>(I)V (146 bytes) @ 0x00000000034ab28c [0x00000000034aad40+0x54c]
J 793 C1 org.lwjgl.BufferUtils.createByteBuffer(I)Ljava/nio/ByteBuffer; (11 bytes) @ 0x00000000034a79dc [0x00000000034a78e0+0xfc]
j  opengl.GLWindow.grabScreen()V+24
j  opengl.GLWindow.step()V+0
j  opengl.GLControl.step()V+4
j  application.Application.loop()V+9
j  application.Application.main([Ljava/lang/String;)V+29
v  ~StubRoutines::call_stub

---------------  P R O C E S S  ---------------

Java Threads: ( => current thread )
  0x000000001fc42800 JavaThread "LWJGL Timer" daemon [_thread_blocked, id=8636, stack(0x000000002d9b0000,0x000000002dab0000)]
  0x000000001f6e6800 JavaThread "Image Fetcher 0" daemon [_thread_blocked, id=13164, stack(0x0000000020b90000,0x0000000020c90000)]
  0x000000001e4e5800 JavaThread "AWT-EventQueue-0" [_thread_blocked, id=4440, stack(0x000000001f550000,0x000000001f650000)]
  0x000000001e4c4000 JavaThread "AWT-Windows" daemon [_thread_in_native, id=13272, stack(0x000000001eb90000,0x000000001ec90000)]
  0x000000001e4c0000 JavaThread "AWT-Shutdown" [_thread_blocked, id=7448, stack(0x000000001ea90000,0x000000001eb90000)]
  0x000000001e4bf000 JavaThread "Java2D Disposer" daemon [_thread_blocked, id=8956, stack(0x000000001e990000,0x000000001ea90000)]
  0x000000001e124800 JavaThread "Service Thread" daemon [_thread_blocked, id=9436, stack(0x000000001e4f0000,0x000000001e5f0000)]
  0x000000001c7db000 JavaThread "C1 CompilerThread2" daemon [_thread_in_vm, id=3900, stack(0x000000001dff0000,0x000000001e0f0000)]
  0x000000001c7b5800 JavaThread "C2 CompilerThread1" daemon [_thread_blocked, id=12160, stack(0x000000001def0000,0x000000001dff0000)]
  0x000000001c7ac000 JavaThread "C2 CompilerThread0" daemon [_thread_blocked, id=10208, stack(0x000000001ddf0000,0x000000001def0000)]
  0x000000001c7aa800 JavaThread "Attach Listener" daemon [_thread_blocked, id=5972, stack(0x000000001dcf0000,0x000000001ddf0000)]
  0x000000001c7a9800 JavaThread "Signal Dispatcher" daemon [_thread_blocked, id=2204, stack(0x000000001dbf0000,0x000000001dcf0000)]
  0x000000001c79a800 JavaThread "Finalizer" daemon [_thread_blocked, id=9336, stack(0x000000001da00000,0x000000001db00000)]
  0x000000000311f000 JavaThread "Reference Handler" daemon [_thread_blocked, id=12244, stack(0x000000001d900000,0x000000001da00000)]
=>0x0000000003030800 JavaThread "main" [_thread_in_vm, id=6184, stack(0x0000000002ee0000,0x0000000002fe0000)]

Other Threads:
  0x000000001c777800 VMThread [stack: 0x000000001d800000,0x000000001d900000] [id=3416]
  0x000000001e12a800 WatcherThread [stack: 0x000000001e5f0000,0x000000001e6f0000] [id=14240]

VM state:not at safepoint (normal execution)

VM Mutex/Monitor currently owned by a thread:  ([mutex/lock_event])
[0x00000000031eb960] CodeCache_lock - owner thread: 0x000000001c7db000
[0x00000000031ed9c0] Compile_lock - owner thread: 0x000000001c7db000
[0x00000000031ee4c0] MethodCompileQueue_lock - owner thread: 0x000000001c7db000

Heap:
 PSYoungGen      total 289280K, used 115350K [0x000000076b500000, 0x000000077ee00000, 0x00000007c0000000)
  eden space 262144K, 41% used [0x000000076b500000,0x0000000771ef42d0,0x000000077b500000)
  from space 27136K, 25% used [0x000000077d380000,0x000000077da31708,0x000000077ee00000)
  to   space 29184K, 0% used [0x000000077b500000,0x000000077b500000,0x000000077d180000)
 ParOldGen       total 175104K, used 61150K [0x00000006c1e00000, 0x00000006cc900000, 0x000000076b500000)
  object space 175104K, 34% used [0x00000006c1e00000,0x00000006c59b79e8,0x00000006cc900000)
 Metaspace       used 14821K, capacity 15021K, committed 15360K, reserved 1062912K
  class space    used 1861K, capacity 1937K, committed 2048K, reserved 1048576K

Card table byte_map: [0x00000000125b0000,0x0000000012db0000] byte_map_base: 0x000000000efa1000

Marking Bits: (ParMarkBitMap*) 0x0000000051dbd850
 Begin Bits: [0x0000000013700000, 0x0000000017688000)
 End Bits:   [0x0000000017688000, 0x000000001b610000)

Polling page: 0x0000000001290000

CodeCache: size=245760Kb used=3944Kb max_used=3948Kb free=241815Kb
 bounds [0x00000000031f0000, 0x00000000035d0000, 0x00000000121f0000]
 total_blobs=1855 nmethods=1246 adapters=520
 compilation: enabled

Compilation events (10 events):
Event: 5.795 Thread 0x000000001c7db000 1239       3       java.util.LinkedList::listIterator (15 bytes)
Event: 5.795 Thread 0x000000001c7db000 nmethod 1239 0x00000000035c3950 code [0x00000000035c3b00, 0x00000000035c3f48]
Event: 5.795 Thread 0x000000001c7db000 1240       3       java.util.LinkedList$ListItr::<init> (47 bytes)
Event: 5.795 Thread 0x000000001c7db000 nmethod 1240 0x00000000035c3410 code [0x00000000035c3580, 0x00000000035c3848]
Event: 5.795 Thread 0x000000001c7db000 1241       3       java.util.LinkedList::<init> (10 bytes)
Event: 5.796 Thread 0x000000001c7db000 nmethod 1241 0x00000000035cb210 code [0x00000000035cb380, 0x00000000035cb650]
Event: 5.796 Thread 0x000000001c7db000 1242       3       java.util.AbstractSequentialList::<init> (5 bytes)
Event: 5.796 Thread 0x000000001c7db000 nmethod 1242 0x00000000035c2f10 code [0x00000000035c3080, 0x00000000035c32f0]
Event: 5.796 Thread 0x000000001c7db000 1235       3       javax.swing.LayoutComparator::compare (13 bytes)
Event: 5.797 Thread 0x000000001c7db000 nmethod 1235 0x00000000035cabd0 code [0x00000000035cad40, 0x00000000035cb128]

GC Heap History (10 events):
Event: 2.891 GC heap before
{Heap before GC invocations=2 (full 0):
 PSYoungGen      total 76288K, used 76070K [0x000000076b500000, 0x0000000770a00000, 0x00000007c0000000)
  eden space 65536K, 99% used [0x000000076b500000,0x000000076f4cb478,0x000000076f500000)
  from space 10752K, 99% used [0x000000076f500000,0x000000076ff7e3c0,0x000000076ff80000)
  to   space 10752K, 0% used [0x000000076ff80000,0x000000076ff80000,0x0000000770a00000)
 ParOldGen       total 175104K, used 19368K [0x00000006c1e00000, 0x00000006cc900000, 0x000000076b500000)
  object space 175104K, 11% used [0x00000006c1e00000,0x00000006c30ea1d0,0x00000006cc900000)
 Metaspace       used 14500K, capacity 14733K, committed 14976K, reserved 1062912K
  class space    used 1829K, capacity 1905K, committed 1920K, reserved 1048576K
Event: 2.914 GC heap after
Heap after GC invocations=2 (full 0):
 PSYoungGen      total 76288K, used 10257K [0x000000076b500000, 0x0000000774a00000, 0x00000007c0000000)
  eden space 65536K, 0% used [0x000000076b500000,0x000000076b500000,0x000000076f500000)
  from space 10752K, 95% used [0x000000076ff80000,0x00000007709846c0,0x0000000770a00000)
  to   space 10752K, 0% used [0x000000076f500000,0x000000076f500000,0x000000076ff80000)
 ParOldGen       total 175104K, used 38505K [0x00000006c1e00000, 0x00000006cc900000, 0x000000076b500000)
  object space 175104K, 21% used [0x00000006c1e00000,0x00000006c439a608,0x00000006cc900000)
 Metaspace       used 14500K, capacity 14733K, committed 14976K, reserved 1062912K
  class space    used 1829K, capacity 1905K, committed 1920K, reserved 1048576K
}
Event: 3.256 GC heap before
{Heap before GC invocations=3 (full 0):
 PSYoungGen      total 76288K, used 73161K [0x000000076b500000, 0x0000000774a00000, 0x00000007c0000000)
  eden space 65536K, 95% used [0x000000076b500000,0x000000076f26de70,0x000000076f500000)
  from space 10752K, 95% used [0x000000076ff80000,0x00000007709846c0,0x0000000770a00000)
  to   space 10752K, 0% used [0x000000076f500000,0x000000076f500000,0x000000076ff80000)
 ParOldGen       total 175104K, used 38505K [0x00000006c1e00000, 0x00000006cc900000, 0x000000076b500000)
  object space 175104K, 21% used [0x00000006c1e00000,0x00000006c439a608,0x00000006cc900000)
 Metaspace       used 14509K, capacity 14733K, committed 14976K, reserved 1062912K
  class space    used 1829K, capacity 1905K, committed 1920K, reserved 1048576K
Event: 3.274 GC heap after
Heap after GC invocations=3 (full 0):
 PSYoungGen      total 76288K, used 6821K [0x000000076b500000, 0x0000000774a00000, 0x00000007c0000000)
  eden space 65536K, 0% used [0x000000076b500000,0x000000076b500000,0x000000076f500000)
  from space 10752K, 63% used [0x000000076f500000,0x000000076fba9708,0x000000076ff80000)
  to   space 10752K, 0% used [0x0000000773f80000,0x0000000773f80000,0x0000000774a00000)
 ParOldGen       total 175104K, used 61126K [0x00000006c1e00000, 0x00000006cc900000, 0x000000076b500000)
  object space 175104K, 34% used [0x00000006c1e00000,0x00000006c59b19e8,0x00000006cc900000)
 Metaspace       used 14509K, capacity 14733K, committed 14976K, reserved 1062912K
  class space    used 1829K, capacity 1905K, committed 1920K, reserved 1048576K
}
Event: 3.618 GC heap before
{Heap before GC invocations=4 (full 0):
 PSYoungGen      total 76288K, used 69861K [0x000000076b500000, 0x0000000774a00000, 0x00000007c0000000)
  eden space 65536K, 96% used [0x000000076b500000,0x000000076f28fdd8,0x000000076f500000)
  from space 10752K, 63% used [0x000000076f500000,0x000000076fba9708,0x000000076ff80000)
  to   space 10752K, 0% used [0x0000000773f80000,0x0000000773f80000,0x0000000774a00000)
 ParOldGen       total 175104K, used 61126K [0x00000006c1e00000, 0x00000006cc900000, 0x000000076b500000)
  object space 175104K, 34% used [0x00000006c1e00000,0x00000006c59b19e8,0x00000006cc900000)
 Metaspace       used 14536K, capacity 14797K, committed 14976K, reserved 1062912K
  class space    used 1829K, capacity 1905K, committed 1920K, reserved 1048576K
Event: 3.627 GC heap after
Heap after GC invocations=4 (full 0):
 PSYoungGen      total 141824K, used 6789K [0x000000076b500000, 0x0000000774a00000, 0x00000007c0000000)
  eden space 131072K, 0% used [0x000000076b500000,0x000000076b500000,0x0000000773500000)
  from space 10752K, 63% used [0x0000000773f80000,0x0000000774621708,0x0000000774a00000)
  to   space 10752K, 0% used [0x0000000773500000,0x0000000773500000,0x0000000773f80000)
 ParOldGen       total 175104K, used 61134K [0x00000006c1e00000, 0x00000006cc900000, 0x000000076b500000)
  object space 175104K, 34% used [0x00000006c1e00000,0x00000006c59b39e8,0x00000006cc900000)
 Metaspace       used 14536K, capacity 14797K, committed 14976K, reserved 1062912K
  class space    used 1829K, capacity 1905K, committed 1920K, reserved 1048576K
}
Event: 4.378 GC heap before
{Heap before GC invocations=5 (full 0):
 PSYoungGen      total 141824K, used 136244K [0x000000076b500000, 0x0000000774a00000, 0x00000007c0000000)
  eden space 131072K, 98% used [0x000000076b500000,0x000000077336bb80,0x0000000773500000)
  from space 10752K, 63% used [0x0000000773f80000,0x0000000774621708,0x0000000774a00000)
  to   space 10752K, 0% used [0x0000000773500000,0x0000000773500000,0x0000000773f80000)
 ParOldGen       total 175104K, used 61134K [0x00000006c1e00000, 0x00000006cc900000, 0x000000076b500000)
  object space 175104K, 34% used [0x00000006c1e00000,0x00000006c59b39e8,0x00000006cc900000)
 Metaspace       used 14678K, capacity 14893K, committed 15104K, reserved 1062912K
  class space    used 1859K, capacity 1937K, committed 2048K, reserved 1048576K
Event: 4.390 GC heap after
Heap after GC invocations=5 (full 0):
 PSYoungGen      total 141824K, used 6853K [0x000000076b500000, 0x000000077f200000, 0x00000007c0000000)
  eden space 131072K, 0% used [0x000000076b500000,0x000000076b500000,0x0000000773500000)
  from space 10752K, 63% used [0x0000000773500000,0x0000000773bb1708,0x0000000773f80000)
  to   space 31232K, 0% used [0x000000077d380000,0x000000077d380000,0x000000077f200000)
 ParOldGen       total 175104K, used 61142K [0x00000006c1e00000, 0x00000006cc900000, 0x000000076b500000)
  object space 175104K, 34% used [0x00000006c1e00000,0x00000006c59b59e8,0x00000006cc900000)
 Metaspace       used 14678K, capacity 14893K, committed 15104K, reserved 1062912K
  class space    used 1859K, capacity 1937K, committed 2048K, reserved 1048576K
}
Event: 5.097 GC heap before
{Heap before GC invocations=6 (full 0):
 PSYoungGen      total 141824K, used 135873K [0x000000076b500000, 0x000000077f200000, 0x00000007c0000000)
  eden space 131072K, 98% used [0x000000076b500000,0x00000007732ff088,0x0000000773500000)
  from space 10752K, 63% used [0x0000000773500000,0x0000000773bb1708,0x0000000773f80000)
  to   space 31232K, 0% used [0x000000077d380000,0x000000077d380000,0x000000077f200000)
 ParOldGen       total 175104K, used 61142K [0x00000006c1e00000, 0x00000006cc900000, 0x000000076b500000)
  object space 175104K, 34% used [0x00000006c1e00000,0x00000006c59b59e8,0x00000006cc900000)
 Metaspace       used 14767K, capacity 15021K, committed 15360K, reserved 1062912K
  class space    used 1859K, capacity 1937K, committed 2048K, reserved 1048576K
Event: 5.109 GC heap after
Heap after GC invocations=6 (full 0):
 PSYoungGen      total 289280K, used 6853K [0x000000076b500000, 0x000000077ee00000, 0x00000007c0000000)
  eden space 262144K, 0% used [0x000000076b500000,0x000000076b500000,0x000000077b500000)
  from space 27136K, 25% used [0x000000077d380000,0x000000077da31708,0x000000077ee00000)
  to   space 29184K, 0% used [0x000000077b500000,0x000000077b500000,0x000000077d180000)
 ParOldGen       total 175104K, used 61150K [0x00000006c1e00000, 0x00000006cc900000, 0x000000076b500000)
  object space 175104K, 34% used [0x00000006c1e00000,0x00000006c59b79e8,0x00000006cc900000)
 Metaspace       used 14767K, capacity 15021K, committed 15360K, reserved 1062912K
  class space    used 1859K, capacity 1937K, committed 2048K, reserved 1048576K
}

Deoptimization events (7 events):
Event: 0.555 Thread 0x0000000003030800 Uncommon trap: reason=null_check action=make_not_entrant pc=0x000000000336abdc method=java.lang.String.equals(Ljava/lang/Object;)Z @ 8
Event: 1.150 Thread 0x0000000003030800 Uncommon trap: reason=class_check action=maybe_recompile pc=0x0000000003383898 method=java.lang.String.equals(Ljava/lang/Object;)Z @ 8
Event: 1.152 Thread 0x0000000003030800 Uncommon trap: reason=class_check action=maybe_recompile pc=0x0000000003383898 method=java.lang.String.equals(Ljava/lang/Object;)Z @ 8
Event: 1.152 Thread 0x0000000003030800 Uncommon trap: reason=class_check action=maybe_recompile pc=0x0000000003383898 method=java.lang.String.equals(Ljava/lang/Object;)Z @ 8
Event: 1.152 Thread 0x0000000003030800 Uncommon trap: reason=class_check action=maybe_recompile pc=0x0000000003383898 method=java.lang.String.equals(Ljava/lang/Object;)Z @ 8
Event: 1.735 Thread 0x0000000003030800 Uncommon trap: reason=bimorphic action=maybe_recompile pc=0x000000000341c834 method=java.util.HashMap.getNode(ILjava/lang/Object;)Ljava/util/HashMap$Node; @ 126
Event: 1.740 Thread 0x0000000003030800 Uncommon trap: reason=bimorphic action=maybe_recompile pc=0x000000000341c834 method=java.util.HashMap.getNode(ILjava/lang/Object;)Ljava/util/HashMap$Node; @ 126

Internal exceptions (10 events):
Event: 0.101 Thread 0x0000000003030800 Exception <a 'java/lang/NoSuchMethodError': Method sun.misc.Unsafe.prefetchRead(Ljava/lang/Object;J)V name or signature does not match> (0x000000076b507f90) thrown at [C:\re\workspace\8-2-build-windows-amd64-cygwin\jdk8u144\9417\hotspot\src\share\vm\prims
Event: 0.281 Thread 0x0000000003030800 Exception <a 'java/security/PrivilegedActionException'> (0x000000076b598f88) thrown at [C:\re\workspace\8-2-build-windows-amd64-cygwin\jdk8u144\9417\hotspot\src\share\vm\prims\jvm.cpp, line 1390]
Event: 0.281 Thread 0x0000000003030800 Exception <a 'java/security/PrivilegedActionException'> (0x000000076b599198) thrown at [C:\re\workspace\8-2-build-windows-amd64-cygwin\jdk8u144\9417\hotspot\src\share\vm\prims\jvm.cpp, line 1390]
Event: 0.283 Thread 0x0000000003030800 Exception <a 'java/security/PrivilegedActionException'> (0x000000076b59ce08) thrown at [C:\re\workspace\8-2-build-windows-amd64-cygwin\jdk8u144\9417\hotspot\src\share\vm\prims\jvm.cpp, line 1390]
Event: 0.283 Thread 0x0000000003030800 Exception <a 'java/security/PrivilegedActionException'> (0x000000076b59d018) thrown at [C:\re\workspace\8-2-build-windows-amd64-cygwin\jdk8u144\9417\hotspot\src\share\vm\prims\jvm.cpp, line 1390]
Event: 0.293 Thread 0x0000000003030800 Exception <a 'java/io/FileNotFoundException'> (0x000000076b59f530) thrown at [C:\re\workspace\8-2-build-windows-amd64-cygwin\jdk8u144\9417\hotspot\src\share\vm\prims\jni.cpp, line 709]
Event: 0.397 Thread 0x0000000003030800 Exception <a 'java/lang/NoSuchFieldError': method resolution failed> (0x000000076b7b4758) thrown at [C:\re\workspace\8-2-build-windows-amd64-cygwin\jdk8u144\9417\hotspot\src\share\vm\prims\methodHandles.cpp, line 1146]
Event: 0.402 Thread 0x0000000003030800 Exception <a 'java/lang/NoSuchFieldError': method resolution failed> (0x000000076b7c1b28) thrown at [C:\re\workspace\8-2-build-windows-amd64-cygwin\jdk8u144\9417\hotspot\src\share\vm\prims\methodHandles.cpp, line 1146]
Event: 0.506 Thread 0x0000000003030800 Exception <a 'java/io/FileNotFoundException'> (0x000000076b8559a0) thrown at [C:\re\workspace\8-2-build-windows-amd64-cygwin\jdk8u144\9417\hotspot\src\share\vm\prims\jni.cpp, line 709]
Event: 0.555 Thread 0x0000000003030800 Implicit null exception at 0x000000000336a9e6 to 0x000000000336abcd

Events (10 events):
Event: 4.634 loading class sun/font/StandardGlyphVector$GlyphStrike
Event: 4.634 loading class sun/font/StandardGlyphVector$GlyphStrike done
Event: 5.097 Executing VM operation: ParallelGCFailedAllocation
Event: 5.109 Executing VM operation: ParallelGCFailedAllocation done
Event: 5.717 loading class javax/swing/plaf/basic/BasicMenuItemUI$Actions
Event: 5.717 loading class javax/swing/plaf/basic/BasicMenuItemUI$Actions done
Event: 5.717 loading class com/sun/java/swing/plaf/windows/WindowsLookAndFeel$AudioAction
Event: 5.718 loading class com/sun/java/swing/plaf/windows/WindowsLookAndFeel$AudioAction done
Event: 5.764 loading class java/awt/Event
Event: 5.764 loading class java/awt/Event done


Dynamic libraries:
0x00007ff740df0000 - 0x00007ff740e27000 	C:\Program Files\Java\jre1.8.0_144\bin\javaw.exe
0x00007ff8d9140000 - 0x00007ff8d9321000 	C:\WINDOWS\SYSTEM32\ntdll.dll
0x00007ff8d73a0000 - 0x00007ff8d7452000 	C:\WINDOWS\System32\KERNEL32.DLL
0x00007ff8d5e70000 - 0x00007ff8d60e3000 	C:\WINDOWS\System32\KERNELBASE.dll
0x00007ff8d6ad0000 - 0x00007ff8d6b71000 	C:\WINDOWS\System32\ADVAPI32.dll
0x00007ff8d6fd0000 - 0x00007ff8d706e000 	C:\WINDOWS\System32\msvcrt.dll
0x00007ff8d6d30000 - 0x00007ff8d6d8b000 	C:\WINDOWS\System32\sechost.dll
0x00007ff8d7270000 - 0x00007ff8d7394000 	C:\WINDOWS\System32\RPCRT4.dll
0x00007ff8d7b40000 - 0x00007ff8d7cd0000 	C:\WINDOWS\System32\USER32.dll
0x00007ff8d63c0000 - 0x00007ff8d63e0000 	C:\WINDOWS\System32\win32u.dll
0x00007ff8d69b0000 - 0x00007ff8d69d8000 	C:\WINDOWS\System32\GDI32.dll
0x00007ff8d5cd0000 - 0x00007ff8d5e62000 	C:\WINDOWS\System32\gdi32full.dll
0x00007ff8d6150000 - 0x00007ff8d61ef000 	C:\WINDOWS\System32\msvcp_win.dll
0x00007ff8d62c0000 - 0x00007ff8d63ba000 	C:\WINDOWS\System32\ucrtbase.dll
0x00007ff8c02a0000 - 0x00007ff8c0509000 	C:\WINDOWS\WinSxS\amd64_microsoft.windows.common-controls_6595b64144ccf1df_6.0.17134.523_none_fb409dd930672a56\COMCTL32.dll
0x00007ff8d6680000 - 0x00007ff8d69a2000 	C:\WINDOWS\System32\combase.dll
0x00007ff8d6240000 - 0x00007ff8d62ba000 	C:\WINDOWS\System32\bcryptPrimitives.dll
0x00007ff8d65d0000 - 0x00007ff8d65fd000 	C:\WINDOWS\System32\IMM32.DLL
0x00000000514c0000 - 0x0000000051592000 	C:\Program Files\Java\jre1.8.0_144\bin\msvcr100.dll
0x00000000515a0000 - 0x0000000051e3d000 	C:\Program Files\Java\jre1.8.0_144\bin\server\jvm.dll
0x00007ff8d6fc0000 - 0x00007ff8d6fc8000 	C:\WINDOWS\System32\PSAPI.DLL
0x00007ff8d3010000 - 0x00007ff8d3019000 	C:\WINDOWS\SYSTEM32\WSOCK32.dll
0x00007ff8d6bf0000 - 0x00007ff8d6c5c000 	C:\WINDOWS\System32\WS2_32.dll
0x00007ff8d2b50000 - 0x00007ff8d2b73000 	C:\WINDOWS\SYSTEM32\WINMM.dll
0x00007ff8c1580000 - 0x00007ff8c158a000 	C:\WINDOWS\SYSTEM32\VERSION.dll
0x00007ff8d2b20000 - 0x00007ff8d2b4a000 	C:\WINDOWS\SYSTEM32\WINMMBASE.dll
0x00007ff8d61f0000 - 0x00007ff8d6239000 	C:\WINDOWS\System32\cfgmgr32.dll
0x00000000514b0000 - 0x00000000514bf000 	C:\Program Files\Java\jre1.8.0_144\bin\verify.dll
0x0000000051480000 - 0x00000000514a9000 	C:\Program Files\Java\jre1.8.0_144\bin\java.dll
0x0000000051460000 - 0x0000000051476000 	C:\Program Files\Java\jre1.8.0_144\bin\zip.dll
0x00007ff8d7cd0000 - 0x00007ff8d9110000 	C:\WINDOWS\System32\SHELL32.dll
0x00007ff8d6f10000 - 0x00007ff8d6fb9000 	C:\WINDOWS\System32\shcore.dll
0x00007ff8d5510000 - 0x00007ff8d5c1d000 	C:\WINDOWS\System32\windows.storage.dll
0x00007ff8d74d0000 - 0x00007ff8d7521000 	C:\WINDOWS\System32\shlwapi.dll
0x00007ff8d54d0000 - 0x00007ff8d54e1000 	C:\WINDOWS\System32\kernel.appcore.dll
0x00007ff8d54f0000 - 0x00007ff8d550f000 	C:\WINDOWS\System32\profapi.dll
0x00007ff8d5460000 - 0x00007ff8d54ac000 	C:\WINDOWS\System32\powrprof.dll
0x00007ff8d5450000 - 0x00007ff8d545a000 	C:\WINDOWS\System32\FLTLIB.DLL
0x0000000051230000 - 0x00000000513c8000 	C:\Program Files\Java\jre1.8.0_144\bin\awt.dll
0x00007ff8d6c60000 - 0x00007ff8d6d22000 	C:\WINDOWS\System32\OLEAUT32.dll
0x00007ff8d31f0000 - 0x00007ff8d327b000 	C:\WINDOWS\SYSTEM32\apphelp.dll
0x00007ff8d3600000 - 0x00007ff8d3629000 	C:\WINDOWS\system32\DWMAPI.DLL
0x00007ff8d3370000 - 0x00007ff8d3408000 	C:\WINDOWS\system32\uxtheme.dll
0x00007ff8ac6a0000 - 0x00007ff8ac7c0000 	C:\WINDOWS\system32\opengl32.dll
0x00007ff8ba540000 - 0x00007ff8ba56c000 	C:\WINDOWS\SYSTEM32\GLU32.dll
0x00007ff8d6d90000 - 0x00007ff8d6f03000 	C:\WINDOWS\System32\MSCTF.dll
0x00007ff8d7070000 - 0x00007ff8d71c1000 	C:\WINDOWS\System32\ole32.dll
0x00000000511e0000 - 0x0000000051227000 	C:\Program Files\Java\jre1.8.0_144\bin\fontmanager.dll
0x0000000051440000 - 0x000000005145a000 	C:\Program Files\Java\jre1.8.0_144\bin\net.dll
0x00007ff8d4cd0000 - 0x00007ff8d4d36000 	C:\WINDOWS\system32\mswsock.dll
0x0000000051420000 - 0x0000000051431000 	C:\Program Files\Java\jre1.8.0_144\bin\nio.dll
0x0000000051190000 - 0x00000000511d2000 	C:\Program Files\Java\jre1.8.0_144\bin\t2k.dll
0x00007ff8c6f20000 - 0x00007ff8c6fb6000 	C:\WINDOWS\System32\TextInputFramework.dll
0x00007ff8d0a40000 - 0x00007ff8d0d5e000 	C:\WINDOWS\System32\CoreUIComponents.dll
0x00007ff8d2f30000 - 0x00007ff8d300a000 	C:\WINDOWS\System32\CoreMessaging.dll
0x00007ff8d4540000 - 0x00007ff8d4571000 	C:\WINDOWS\SYSTEM32\ntmarta.dll
0x00007ff8d08f0000 - 0x00007ff8d0a3d000 	C:\WINDOWS\SYSTEM32\wintypes.dll
0x00007ff8c3270000 - 0x00007ff8c32db000 	C:\WINDOWS\system32\Oleacc.dll
0x00007ff8d71d0000 - 0x00007ff8d7270000 	C:\WINDOWS\System32\clbcatq.dll
0x00007ff8d1070000 - 0x00007ff8d121e000 	C:\WINDOWS\SYSTEM32\WindowsCodecs.dll
0x00007ff8cb4b0000 - 0x00007ff8cb508000 	C:\WINDOWS\system32\dataexchange.dll
0x00007ff8d2950000 - 0x00007ff8d2aec000 	C:\WINDOWS\system32\dcomp.dll
0x00007ff8d1a50000 - 0x00007ff8d1d5b000 	C:\WINDOWS\system32\d3d11.dll
0x00007ff8d4210000 - 0x00007ff8d42cb000 	C:\WINDOWS\system32\dxgi.dll
0x00007ff8d3790000 - 0x00007ff8d3948000 	C:\WINDOWS\system32\twinapi.appcore.dll
0x00007ff8d3710000 - 0x00007ff8d3731000 	C:\WINDOWS\system32\RMCLIENT.dll
0x0000000180000000 - 0x0000000180053000 	C:\Users\tjaso\eclipse-workspace\Map_Editor_VERSION2\lib\windows\lwjgl64.dll
0x00007ff89dcc0000 - 0x00007ff89eb7f000 	C:\WINDOWS\System32\DriverStore\FileRepository\k127368.inf_amd64_a2c6cbb1c7497dcd\ig9icd64.dll
0x00007ff8d3bc0000 - 0x00007ff8d3bd3000 	C:\WINDOWS\SYSTEM32\WTSAPI32.dll
0x00007ff8bba00000 - 0x00007ff8bbaa8000 	C:\WINDOWS\SYSTEM32\mscms.dll
0x00007ff8d5350000 - 0x00007ff8d5378000 	C:\WINDOWS\SYSTEM32\USERENV.dll
0x00007ff8cc9e0000 - 0x00007ff8cc9f0000 	C:\WINDOWS\SYSTEM32\ColorAdapterClient.dll
0x00007ff8c7450000 - 0x00007ff8c7493000 	C:\WINDOWS\SYSTEM32\icm32.dll
0x00007ff8ccf90000 - 0x00007ff8ced25000 	C:\WINDOWS\System32\DriverStore\FileRepository\k127368.inf_amd64_a2c6cbb1c7497dcd\igc64.dll
0x0000000051180000 - 0x0000000051187000 	C:\Program Files\Java\jre1.8.0_144\bin\jawt.dll
0x00007ff8d3db0000 - 0x00007ff8d3f79000 	C:\WINDOWS\SYSTEM32\dbghelp.dll

VM Arguments:
jvm_args: -Djava.library.path=C:\Users\tjaso\eclipse-workspace\Map_Editor_VERSION2\lib\windows -Dfile.encoding=Cp1252 
java_command: application.Application
java_class_path (initial): C:\Users\tjaso\eclipse-workspace\Map_Editor_VERSION2\bin;C:\Users\tjaso\eclipse-workspace\Map_Editor_VERSION2\lib\ini4j-0.5.4.jar;C:\Users\tjaso\eclipse-workspace\Map_Editor_VERSION2\lib\lwjgl_util.jar;C:\Users\tjaso\eclipse-workspace\Map_Editor_VERSION2\lib\lwjgl.jar;C:\Users\tjaso\eclipse-workspace\Map_Editor_VERSION2\lib\PNGDecoder.jar;C:\Users\tjaso\eclipse-workspace\Map_Editor_VERSION2\lib\slick.jar
Launcher Type: SUN_STANDARD

Environment Variables:
PATH=C:/Program Files/Java/jre1.8.0_144/bin/server;C:/Program Files/Java/jre1.8.0_144/bin;C:/Program Files/Java/jre1.8.0_144/lib/amd64;C:\ProgramData\Oracle\Java\javapath;C:\WINDOWS\system32;C:\WINDOWS;C:\WINDOWS\System32\Wbem;C:\WINDOWS\System32\WindowsPowerShell\v1.0\;C:\WINDOWS\System32\OpenSSH\;C:\Program Files\Intel\WiFi\bin\;C:\Program Files\Common Files\Intel\WirelessCommon\;C:\Program Files\Git\cmd;C:\Program Files\CMake\bin;C:\Users\tjaso\AppData\Local\Microsoft\WindowsApps;;C:\WINDOWS\System32;
USERNAME=tjaso
OS=Windows_NT
PROCESSOR_IDENTIFIER=Intel64 Family 6 Model 142 Stepping 9, GenuineIntel



---------------  S Y S T E M  ---------------

OS: